09:36:45 INFO  : Registering command handlers for SDK TCF services
09:36:46 INFO  : Launching XSCT server: xsct.bat -interactive C:\TEMP\INF3610\2020847_2028284\LAB1\LAB1.sdk\temp_xsdb_launch_script.tcl
09:36:48 INFO  : XSCT server has started successfully.
09:36:48 INFO  : Successfully done setting XSCT server connection channel  
09:36:48 INFO  : Successfully done setting SDK workspace  
09:36:48 INFO  : Processing command line option -hwspec C:/TEMP/INF3610/2020847_2028284/LAB1/LAB1.sdk/design_1_wrapper.hdf.
09:37:29 INFO  : Saving repository preferences.
09:37:29 INFO  : Reading in cores from local repositories: 
		 C:\TEMP\INF3610\ucos_v1_44\ucos
		 C:\TEMP\INF3610\ucos_v1_44
09:37:29 INFO  : Cleaning BSP projects in the workspace.
09:37:30 INFO  : Saving repository preferences.
09:47:34 INFO  : Connected to target on host '127.0.0.1' and port '3121'.
09:47:34 INFO  : 'targets -set -filter {jtag_cable_name =~ "Digilent Zed 210248763737" && level==0} -index 1' command is executed.
09:47:36 INFO  : FPGA configured successfully with bitstream "C:/TEMP/INF3610/2020847_2028284/LAB1/LAB1.sdk/design_1_wrapper_hw_platform_0/design_1_wrapper.bit"
09:52:02 INFO  : Connected to target on host '127.0.0.1' and port '3121'.
09:52:03 INFO  : Jtag cable 'Digilent Zed 210248763737' is selected.
09:52:03 INFO  : 'jtag frequency' command is executed.
09:52:03 INFO  : Sourcing of 'C:/TEMP/INF3610/2020847_2028284/LAB1/LAB1.sdk/design_1_wrapper_hw_platform_0/ps7_init.tcl' is done.
09:52:03 INFO  : Context for 'APU' is selected.
09:52:03 INFO  : System reset is completed.
09:52:06 INFO  : 'after 3000' command is executed.
09:52:06 INFO  : 'targets -set -filter {jtag_cable_name =~ "Digilent Zed 210248763737" && level==0} -index 1' command is executed.
09:52:08 INFO  : FPGA configured successfully with bitstream "C:/TEMP/INF3610/2020847_2028284/LAB1/LAB1.sdk/design_1_wrapper_hw_platform_0/design_1_wrapper.bit"
09:52:08 INFO  : Context for 'APU' is selected.
09:52:08 INFO  : Hardware design information is loaded from 'C:/TEMP/INF3610/2020847_2028284/LAB1/LAB1.sdk/design_1_wrapper_hw_platform_0/system.hdf'.
09:52:08 INFO  : 'configparams force-mem-access 1' command is executed.
09:52:08 INFO  : Context for 'APU' is selected.
09:52:08 INFO  : 'ps7_init' command is executed.
09:52:08 INFO  : 'ps7_post_config' command is executed.
09:52:08 INFO  : Context for processor 'ps7_cortexa9_0' is selected.
09:52:09 INFO  : The application 'C:/TEMP/INF3610/2020847_2028284/LAB1/LAB1.sdk/Test/Debug/Test.elf' is downloaded to processor 'ps7_cortexa9_0'.
09:52:09 INFO  : 'configparams force-mem-access 0' command is executed.
09:52:09 INFO  : ----------------XSDB Script----------------
connect -url tcp:127.0.0.1:3121
source C:/TEMP/INF3610/2020847_2028284/LAB1/LAB1.sdk/design_1_wrapper_hw_platform_0/ps7_init.tcl
targets -set -nocase -filter {name =~"APU*" && jtag_cable_name =~ "Digilent Zed 210248763737"} -index 0
rst -system
after 3000
targets -set -filter {jtag_cable_name =~ "Digilent Zed 210248763737" && level==0} -index 1
fpga -file C:/TEMP/INF3610/2020847_2028284/LAB1/LAB1.sdk/design_1_wrapper_hw_platform_0/design_1_wrapper.bit
targets -set -nocase -filter {name =~"APU*" && jtag_cable_name =~ "Digilent Zed 210248763737"} -index 0
loadhw -hw C:/TEMP/INF3610/2020847_2028284/LAB1/LAB1.sdk/design_1_wrapper_hw_platform_0/system.hdf -mem-ranges [list {0x40000000 0xbfffffff}]
configparams force-mem-access 1
targets -set -nocase -filter {name =~"APU*" && jtag_cable_name =~ "Digilent Zed 210248763737"} -index 0
ps7_init
ps7_post_config
targets -set -nocase -filter {name =~ "ARM*#0" && jtag_cable_name =~ "Digilent Zed 210248763737"} -index 0
dow C:/TEMP/INF3610/2020847_2028284/LAB1/LAB1.sdk/Test/Debug/Test.elf
configparams force-mem-access 0
----------------End of Script----------------

09:52:09 INFO  : Memory regions updated for context APU
09:52:09 INFO  : Launch script is exported to file 'C:\TEMP\INF3610\2020847_2028284\LAB1\LAB1.sdk\.sdk\launch_scripts\xilinx_c-c++_application_(system_debugger)\system_debugger_using_debug_test.elf_on_local.tcl'
11:05:33 INFO  : Disconnected from the channel tcfchan#1.
11:13:10 INFO  : Connected to target on host '127.0.0.1' and port '3121'.
11:13:10 INFO  : Jtag cable 'Digilent Zed 210248763737' is selected.
11:13:10 INFO  : 'jtag frequency' command is executed.
11:13:10 INFO  : Sourcing of 'C:/TEMP/INF3610/2020847_2028284/LAB1/LAB1.sdk/design_1_wrapper_hw_platform_0/ps7_init.tcl' is done.
11:13:10 INFO  : Context for 'APU' is selected.
11:13:10 INFO  : System reset is completed.
11:13:13 INFO  : 'after 3000' command is executed.
11:13:13 INFO  : 'targets -set -filter {jtag_cable_name =~ "Digilent Zed 210248763737" && level==0} -index 1' command is executed.
11:13:15 INFO  : FPGA configured successfully with bitstream "C:/TEMP/INF3610/2020847_2028284/LAB1/LAB1.sdk/design_1_wrapper_hw_platform_0/design_1_wrapper.bit"
11:13:16 INFO  : Context for 'APU' is selected.
11:13:16 INFO  : Hardware design information is loaded from 'C:/TEMP/INF3610/2020847_2028284/LAB1/LAB1.sdk/design_1_wrapper_hw_platform_0/system.hdf'.
11:13:16 INFO  : 'configparams force-mem-access 1' command is executed.
11:13:16 INFO  : Context for 'APU' is selected.
11:13:16 INFO  : 'ps7_init' command is executed.
11:13:16 INFO  : 'ps7_post_config' command is executed.
11:13:16 INFO  : Context for processor 'ps7_cortexa9_0' is selected.
11:13:16 INFO  : The application 'C:/TEMP/INF3610/2020847_2028284/LAB1/LAB1.sdk/lab1_part1/Debug/lab1_part1.elf' is downloaded to processor 'ps7_cortexa9_0'.
11:13:16 INFO  : 'configparams force-mem-access 0' command is executed.
11:13:16 INFO  : ----------------XSDB Script----------------
connect -url tcp:127.0.0.1:3121
source C:/TEMP/INF3610/2020847_2028284/LAB1/LAB1.sdk/design_1_wrapper_hw_platform_0/ps7_init.tcl
targets -set -nocase -filter {name =~"APU*" && jtag_cable_name =~ "Digilent Zed 210248763737"} -index 0
rst -system
after 3000
targets -set -filter {jtag_cable_name =~ "Digilent Zed 210248763737" && level==0} -index 1
fpga -file C:/TEMP/INF3610/2020847_2028284/LAB1/LAB1.sdk/design_1_wrapper_hw_platform_0/design_1_wrapper.bit
targets -set -nocase -filter {name =~"APU*" && jtag_cable_name =~ "Digilent Zed 210248763737"} -index 0
loadhw -hw C:/TEMP/INF3610/2020847_2028284/LAB1/LAB1.sdk/design_1_wrapper_hw_platform_0/system.hdf -mem-ranges [list {0x40000000 0xbfffffff}]
configparams force-mem-access 1
targets -set -nocase -filter {name =~"APU*" && jtag_cable_name =~ "Digilent Zed 210248763737"} -index 0
ps7_init
ps7_post_config
targets -set -nocase -filter {name =~ "ARM*#0" && jtag_cable_name =~ "Digilent Zed 210248763737"} -index 0
dow C:/TEMP/INF3610/2020847_2028284/LAB1/LAB1.sdk/lab1_part1/Debug/lab1_part1.elf
configparams force-mem-access 0
----------------End of Script----------------

11:13:16 INFO  : Memory regions updated for context APU
11:13:16 INFO  : Launch script is exported to file 'C:\TEMP\INF3610\2020847_2028284\LAB1\LAB1.sdk\.sdk\launch_scripts\xilinx_c-c++_application_(system_debugger)\system_debugger_using_debug_lab1_part1.elf_on_local.tcl'
11:16:32 INFO  : Disconnected from the channel tcfchan#2.
11:42:27 INFO  : Connected to target on host '127.0.0.1' and port '3121'.
11:42:28 INFO  : Jtag cable 'Digilent Zed 210248763737' is selected.
11:42:28 INFO  : 'jtag frequency' command is executed.
11:42:28 INFO  : Sourcing of 'C:/TEMP/INF3610/2020847_2028284/LAB1/LAB1.sdk/design_1_wrapper_hw_platform_0/ps7_init.tcl' is done.
11:42:28 INFO  : Context for 'APU' is selected.
11:42:28 INFO  : System reset is completed.
11:42:31 INFO  : 'after 3000' command is executed.
11:42:31 INFO  : 'targets -set -filter {jtag_cable_name =~ "Digilent Zed 210248763737" && level==0} -index 1' command is executed.
11:42:33 INFO  : FPGA configured successfully with bitstream "C:/TEMP/INF3610/2020847_2028284/LAB1/LAB1.sdk/design_1_wrapper_hw_platform_0/design_1_wrapper.bit"
11:42:33 INFO  : Context for 'APU' is selected.
11:42:35 INFO  : Hardware design information is loaded from 'C:/TEMP/INF3610/2020847_2028284/LAB1/LAB1.sdk/design_1_wrapper_hw_platform_0/system.hdf'.
11:42:35 INFO  : 'configparams force-mem-access 1' command is executed.
11:42:35 INFO  : Context for 'APU' is selected.
11:42:36 INFO  : 'ps7_init' command is executed.
11:42:36 INFO  : 'ps7_post_config' command is executed.
11:42:36 INFO  : Context for processor 'ps7_cortexa9_0' is selected.
11:42:36 INFO  : The application 'C:/TEMP/INF3610/2020847_2028284/LAB1/LAB1.sdk/lab1_part1/Debug/lab1_part1.elf' is downloaded to processor 'ps7_cortexa9_0'.
11:42:36 INFO  : 'configparams force-mem-access 0' command is executed.
11:42:36 INFO  : ----------------XSDB Script----------------
connect -url tcp:127.0.0.1:3121
source C:/TEMP/INF3610/2020847_2028284/LAB1/LAB1.sdk/design_1_wrapper_hw_platform_0/ps7_init.tcl
targets -set -nocase -filter {name =~"APU*" && jtag_cable_name =~ "Digilent Zed 210248763737"} -index 0
rst -system
after 3000
targets -set -filter {jtag_cable_name =~ "Digilent Zed 210248763737" && level==0} -index 1
fpga -file C:/TEMP/INF3610/2020847_2028284/LAB1/LAB1.sdk/design_1_wrapper_hw_platform_0/design_1_wrapper.bit
targets -set -nocase -filter {name =~"APU*" && jtag_cable_name =~ "Digilent Zed 210248763737"} -index 0
loadhw -hw C:/TEMP/INF3610/2020847_2028284/LAB1/LAB1.sdk/design_1_wrapper_hw_platform_0/system.hdf -mem-ranges [list {0x40000000 0xbfffffff}]
configparams force-mem-access 1
targets -set -nocase -filter {name =~"APU*" && jtag_cable_name =~ "Digilent Zed 210248763737"} -index 0
ps7_init
ps7_post_config
targets -set -nocase -filter {name =~ "ARM*#0" && jtag_cable_name =~ "Digilent Zed 210248763737"} -index 0
dow C:/TEMP/INF3610/2020847_2028284/LAB1/LAB1.sdk/lab1_part1/Debug/lab1_part1.elf
configparams force-mem-access 0
----------------End of Script----------------

11:42:36 INFO  : Memory regions updated for context APU
11:42:36 INFO  : Launch script is exported to file 'C:\TEMP\INF3610\2020847_2028284\LAB1\LAB1.sdk\.sdk\launch_scripts\xilinx_c-c++_application_(system_debugger)\system_debugger_using_debug_lab1_part1.elf_on_local.tcl'
11:44:53 INFO  : Disconnected from the channel tcfchan#3.
11:44:54 INFO  : Connected to target on host '127.0.0.1' and port '3121'.
11:44:54 INFO  : Jtag cable 'Digilent Zed 210248763737' is selected.
11:44:54 INFO  : 'jtag frequency' command is executed.
11:44:54 INFO  : Sourcing of 'C:/TEMP/INF3610/2020847_2028284/LAB1/LAB1.sdk/design_1_wrapper_hw_platform_0/ps7_init.tcl' is done.
11:44:54 INFO  : Context for 'APU' is selected.
11:44:54 INFO  : System reset is completed.
11:44:57 INFO  : 'after 3000' command is executed.
11:44:57 INFO  : 'targets -set -filter {jtag_cable_name =~ "Digilent Zed 210248763737" && level==0} -index 1' command is executed.
11:44:59 INFO  : FPGA configured successfully with bitstream "C:/TEMP/INF3610/2020847_2028284/LAB1/LAB1.sdk/design_1_wrapper_hw_platform_0/design_1_wrapper.bit"
11:45:00 INFO  : Context for 'APU' is selected.
11:45:01 INFO  : Hardware design information is loaded from 'C:/TEMP/INF3610/2020847_2028284/LAB1/LAB1.sdk/design_1_wrapper_hw_platform_0/system.hdf'.
11:45:01 INFO  : 'configparams force-mem-access 1' command is executed.
11:45:01 INFO  : Context for 'APU' is selected.
11:45:01 INFO  : 'ps7_init' command is executed.
11:45:01 INFO  : 'ps7_post_config' command is executed.
11:45:01 INFO  : Context for processor 'ps7_cortexa9_0' is selected.
11:45:02 INFO  : The application 'C:/TEMP/INF3610/2020847_2028284/LAB1/LAB1.sdk/lab1_part1/Debug/lab1_part1.elf' is downloaded to processor 'ps7_cortexa9_0'.
11:45:02 INFO  : 'configparams force-mem-access 0' command is executed.
11:45:02 INFO  : ----------------XSDB Script----------------
connect -url tcp:127.0.0.1:3121
source C:/TEMP/INF3610/2020847_2028284/LAB1/LAB1.sdk/design_1_wrapper_hw_platform_0/ps7_init.tcl
targets -set -nocase -filter {name =~"APU*" && jtag_cable_name =~ "Digilent Zed 210248763737"} -index 0
rst -system
after 3000
targets -set -filter {jtag_cable_name =~ "Digilent Zed 210248763737" && level==0} -index 1
fpga -file C:/TEMP/INF3610/2020847_2028284/LAB1/LAB1.sdk/design_1_wrapper_hw_platform_0/design_1_wrapper.bit
targets -set -nocase -filter {name =~"APU*" && jtag_cable_name =~ "Digilent Zed 210248763737"} -index 0
loadhw -hw C:/TEMP/INF3610/2020847_2028284/LAB1/LAB1.sdk/design_1_wrapper_hw_platform_0/system.hdf -mem-ranges [list {0x40000000 0xbfffffff}]
configparams force-mem-access 1
targets -set -nocase -filter {name =~"APU*" && jtag_cable_name =~ "Digilent Zed 210248763737"} -index 0
ps7_init
ps7_post_config
targets -set -nocase -filter {name =~ "ARM*#0" && jtag_cable_name =~ "Digilent Zed 210248763737"} -index 0
dow C:/TEMP/INF3610/2020847_2028284/LAB1/LAB1.sdk/lab1_part1/Debug/lab1_part1.elf
configparams force-mem-access 0
----------------End of Script----------------

11:45:02 INFO  : Memory regions updated for context APU
11:45:02 INFO  : Launch script is exported to file 'C:\TEMP\INF3610\2020847_2028284\LAB1\LAB1.sdk\.sdk\launch_scripts\xilinx_c-c++_application_(system_debugger)\system_debugger_using_debug_lab1_part1.elf_on_local.tcl'
11:48:01 INFO  : Disconnected from the channel tcfchan#4.
11:48:02 INFO  : Connected to target on host '127.0.0.1' and port '3121'.
11:48:02 INFO  : Jtag cable 'Digilent Zed 210248763737' is selected.
11:48:02 INFO  : 'jtag frequency' command is executed.
11:48:02 INFO  : Sourcing of 'C:/TEMP/INF3610/2020847_2028284/LAB1/LAB1.sdk/design_1_wrapper_hw_platform_0/ps7_init.tcl' is done.
11:48:02 INFO  : Context for 'APU' is selected.
11:48:02 INFO  : System reset is completed.
11:48:05 INFO  : 'after 3000' command is executed.
11:48:06 INFO  : 'targets -set -filter {jtag_cable_name =~ "Digilent Zed 210248763737" && level==0} -index 1' command is executed.
11:48:08 INFO  : FPGA configured successfully with bitstream "C:/TEMP/INF3610/2020847_2028284/LAB1/LAB1.sdk/design_1_wrapper_hw_platform_0/design_1_wrapper.bit"
11:48:08 INFO  : Context for 'APU' is selected.
11:48:10 INFO  : Hardware design information is loaded from 'C:/TEMP/INF3610/2020847_2028284/LAB1/LAB1.sdk/design_1_wrapper_hw_platform_0/system.hdf'.
11:48:10 INFO  : 'configparams force-mem-access 1' command is executed.
11:48:10 INFO  : Context for 'APU' is selected.
11:48:10 INFO  : 'ps7_init' command is executed.
11:48:10 INFO  : 'ps7_post_config' command is executed.
11:48:10 INFO  : Context for processor 'ps7_cortexa9_0' is selected.
11:48:11 INFO  : The application 'C:/TEMP/INF3610/2020847_2028284/LAB1/LAB1.sdk/lab1_part1/Debug/lab1_part1.elf' is downloaded to processor 'ps7_cortexa9_0'.
11:48:11 INFO  : 'configparams force-mem-access 0' command is executed.
11:48:11 INFO  : ----------------XSDB Script----------------
connect -url tcp:127.0.0.1:3121
source C:/TEMP/INF3610/2020847_2028284/LAB1/LAB1.sdk/design_1_wrapper_hw_platform_0/ps7_init.tcl
targets -set -nocase -filter {name =~"APU*" && jtag_cable_name =~ "Digilent Zed 210248763737"} -index 0
rst -system
after 3000
targets -set -filter {jtag_cable_name =~ "Digilent Zed 210248763737" && level==0} -index 1
fpga -file C:/TEMP/INF3610/2020847_2028284/LAB1/LAB1.sdk/design_1_wrapper_hw_platform_0/design_1_wrapper.bit
targets -set -nocase -filter {name =~"APU*" && jtag_cable_name =~ "Digilent Zed 210248763737"} -index 0
loadhw -hw C:/TEMP/INF3610/2020847_2028284/LAB1/LAB1.sdk/design_1_wrapper_hw_platform_0/system.hdf -mem-ranges [list {0x40000000 0xbfffffff}]
configparams force-mem-access 1
targets -set -nocase -filter {name =~"APU*" && jtag_cable_name =~ "Digilent Zed 210248763737"} -index 0
ps7_init
ps7_post_config
targets -set -nocase -filter {name =~ "ARM*#0" && jtag_cable_name =~ "Digilent Zed 210248763737"} -index 0
dow C:/TEMP/INF3610/2020847_2028284/LAB1/LAB1.sdk/lab1_part1/Debug/lab1_part1.elf
configparams force-mem-access 0
----------------End of Script----------------

11:48:11 INFO  : Memory regions updated for context APU
11:48:11 INFO  : Launch script is exported to file 'C:\TEMP\INF3610\2020847_2028284\LAB1\LAB1.sdk\.sdk\launch_scripts\xilinx_c-c++_application_(system_debugger)\system_debugger_using_debug_lab1_part1.elf_on_local.tcl'
11:51:28 INFO  : Disconnected from the channel tcfchan#5.
11:51:29 INFO  : Connected to target on host '127.0.0.1' and port '3121'.
11:51:29 INFO  : Jtag cable 'Digilent Zed 210248763737' is selected.
11:51:29 INFO  : 'jtag frequency' command is executed.
11:51:29 INFO  : Sourcing of 'C:/TEMP/INF3610/2020847_2028284/LAB1/LAB1.sdk/design_1_wrapper_hw_platform_0/ps7_init.tcl' is done.
11:51:29 INFO  : Context for 'APU' is selected.
11:51:29 INFO  : System reset is completed.
11:51:32 INFO  : 'after 3000' command is executed.
11:51:32 INFO  : 'targets -set -filter {jtag_cable_name =~ "Digilent Zed 210248763737" && level==0} -index 1' command is executed.
11:51:34 INFO  : FPGA configured successfully with bitstream "C:/TEMP/INF3610/2020847_2028284/LAB1/LAB1.sdk/design_1_wrapper_hw_platform_0/design_1_wrapper.bit"
11:51:34 INFO  : Context for 'APU' is selected.
11:51:36 INFO  : Hardware design information is loaded from 'C:/TEMP/INF3610/2020847_2028284/LAB1/LAB1.sdk/design_1_wrapper_hw_platform_0/system.hdf'.
11:51:36 INFO  : 'configparams force-mem-access 1' command is executed.
11:51:36 INFO  : Context for 'APU' is selected.
11:51:37 INFO  : 'ps7_init' command is executed.
11:51:37 INFO  : 'ps7_post_config' command is executed.
11:51:37 INFO  : Context for processor 'ps7_cortexa9_0' is selected.
11:51:37 INFO  : The application 'C:/TEMP/INF3610/2020847_2028284/LAB1/LAB1.sdk/lab1_part1/Debug/lab1_part1.elf' is downloaded to processor 'ps7_cortexa9_0'.
11:51:37 INFO  : 'configparams force-mem-access 0' command is executed.
11:51:37 INFO  : ----------------XSDB Script----------------
connect -url tcp:127.0.0.1:3121
source C:/TEMP/INF3610/2020847_2028284/LAB1/LAB1.sdk/design_1_wrapper_hw_platform_0/ps7_init.tcl
targets -set -nocase -filter {name =~"APU*" && jtag_cable_name =~ "Digilent Zed 210248763737"} -index 0
rst -system
after 3000
targets -set -filter {jtag_cable_name =~ "Digilent Zed 210248763737" && level==0} -index 1
fpga -file C:/TEMP/INF3610/2020847_2028284/LAB1/LAB1.sdk/design_1_wrapper_hw_platform_0/design_1_wrapper.bit
targets -set -nocase -filter {name =~"APU*" && jtag_cable_name =~ "Digilent Zed 210248763737"} -index 0
loadhw -hw C:/TEMP/INF3610/2020847_2028284/LAB1/LAB1.sdk/design_1_wrapper_hw_platform_0/system.hdf -mem-ranges [list {0x40000000 0xbfffffff}]
configparams force-mem-access 1
targets -set -nocase -filter {name =~"APU*" && jtag_cable_name =~ "Digilent Zed 210248763737"} -index 0
ps7_init
ps7_post_config
targets -set -nocase -filter {name =~ "ARM*#0" && jtag_cable_name =~ "Digilent Zed 210248763737"} -index 0
dow C:/TEMP/INF3610/2020847_2028284/LAB1/LAB1.sdk/lab1_part1/Debug/lab1_part1.elf
configparams force-mem-access 0
----------------End of Script----------------

11:51:37 INFO  : Memory regions updated for context APU
11:51:37 INFO  : Launch script is exported to file 'C:\TEMP\INF3610\2020847_2028284\LAB1\LAB1.sdk\.sdk\launch_scripts\xilinx_c-c++_application_(system_debugger)\system_debugger_using_debug_lab1_part1.elf_on_local.tcl'
11:53:25 INFO  : Disconnected from the channel tcfchan#6.
11:53:26 INFO  : Connected to target on host '127.0.0.1' and port '3121'.
11:53:26 INFO  : Jtag cable 'Digilent Zed 210248763737' is selected.
11:53:26 INFO  : 'jtag frequency' command is executed.
11:53:26 INFO  : Sourcing of 'C:/TEMP/INF3610/2020847_2028284/LAB1/LAB1.sdk/design_1_wrapper_hw_platform_0/ps7_init.tcl' is done.
11:53:27 INFO  : Context for 'APU' is selected.
11:53:27 INFO  : System reset is completed.
11:53:30 INFO  : 'after 3000' command is executed.
11:53:30 INFO  : 'targets -set -filter {jtag_cable_name =~ "Digilent Zed 210248763737" && level==0} -index 1' command is executed.
11:53:32 INFO  : FPGA configured successfully with bitstream "C:/TEMP/INF3610/2020847_2028284/LAB1/LAB1.sdk/design_1_wrapper_hw_platform_0/design_1_wrapper.bit"
11:53:32 INFO  : Context for 'APU' is selected.
11:53:34 INFO  : Hardware design information is loaded from 'C:/TEMP/INF3610/2020847_2028284/LAB1/LAB1.sdk/design_1_wrapper_hw_platform_0/system.hdf'.
11:53:34 INFO  : 'configparams force-mem-access 1' command is executed.
11:53:34 INFO  : Context for 'APU' is selected.
11:53:34 INFO  : 'ps7_init' command is executed.
11:53:34 INFO  : 'ps7_post_config' command is executed.
11:53:34 INFO  : Context for processor 'ps7_cortexa9_0' is selected.
11:53:34 INFO  : The application 'C:/TEMP/INF3610/2020847_2028284/LAB1/LAB1.sdk/lab1_part1/Debug/lab1_part1.elf' is downloaded to processor 'ps7_cortexa9_0'.
11:53:34 INFO  : 'configparams force-mem-access 0' command is executed.
11:53:34 INFO  : ----------------XSDB Script----------------
connect -url tcp:127.0.0.1:3121
source C:/TEMP/INF3610/2020847_2028284/LAB1/LAB1.sdk/design_1_wrapper_hw_platform_0/ps7_init.tcl
targets -set -nocase -filter {name =~"APU*" && jtag_cable_name =~ "Digilent Zed 210248763737"} -index 0
rst -system
after 3000
targets -set -filter {jtag_cable_name =~ "Digilent Zed 210248763737" && level==0} -index 1
fpga -file C:/TEMP/INF3610/2020847_2028284/LAB1/LAB1.sdk/design_1_wrapper_hw_platform_0/design_1_wrapper.bit
targets -set -nocase -filter {name =~"APU*" && jtag_cable_name =~ "Digilent Zed 210248763737"} -index 0
loadhw -hw C:/TEMP/INF3610/2020847_2028284/LAB1/LAB1.sdk/design_1_wrapper_hw_platform_0/system.hdf -mem-ranges [list {0x40000000 0xbfffffff}]
configparams force-mem-access 1
targets -set -nocase -filter {name =~"APU*" && jtag_cable_name =~ "Digilent Zed 210248763737"} -index 0
ps7_init
ps7_post_config
targets -set -nocase -filter {name =~ "ARM*#0" && jtag_cable_name =~ "Digilent Zed 210248763737"} -index 0
dow C:/TEMP/INF3610/2020847_2028284/LAB1/LAB1.sdk/lab1_part1/Debug/lab1_part1.elf
configparams force-mem-access 0
----------------End of Script----------------

11:53:34 INFO  : Memory regions updated for context APU
11:53:34 INFO  : Launch script is exported to file 'C:\TEMP\INF3610\2020847_2028284\LAB1\LAB1.sdk\.sdk\launch_scripts\xilinx_c-c++_application_(system_debugger)\system_debugger_using_debug_lab1_part1.elf_on_local.tcl'
11:55:09 INFO  : Disconnected from the channel tcfchan#7.
11:55:10 INFO  : Connected to target on host '127.0.0.1' and port '3121'.
11:55:10 INFO  : Jtag cable 'Digilent Zed 210248763737' is selected.
11:55:10 INFO  : 'jtag frequency' command is executed.
11:55:10 INFO  : Sourcing of 'C:/TEMP/INF3610/2020847_2028284/LAB1/LAB1.sdk/design_1_wrapper_hw_platform_0/ps7_init.tcl' is done.
11:55:10 INFO  : Context for 'APU' is selected.
11:55:10 INFO  : System reset is completed.
11:55:13 INFO  : 'after 3000' command is executed.
11:55:13 INFO  : 'targets -set -filter {jtag_cable_name =~ "Digilent Zed 210248763737" && level==0} -index 1' command is executed.
11:55:16 INFO  : FPGA configured successfully with bitstream "C:/TEMP/INF3610/2020847_2028284/LAB1/LAB1.sdk/design_1_wrapper_hw_platform_0/design_1_wrapper.bit"
11:55:16 INFO  : Context for 'APU' is selected.
11:55:18 INFO  : Hardware design information is loaded from 'C:/TEMP/INF3610/2020847_2028284/LAB1/LAB1.sdk/design_1_wrapper_hw_platform_0/system.hdf'.
11:55:18 INFO  : 'configparams force-mem-access 1' command is executed.
11:55:18 INFO  : Context for 'APU' is selected.
11:55:18 INFO  : 'ps7_init' command is executed.
11:55:18 INFO  : 'ps7_post_config' command is executed.
11:55:18 INFO  : Context for processor 'ps7_cortexa9_0' is selected.
11:55:18 INFO  : The application 'C:/TEMP/INF3610/2020847_2028284/LAB1/LAB1.sdk/lab1_part1/Debug/lab1_part1.elf' is downloaded to processor 'ps7_cortexa9_0'.
11:55:18 INFO  : 'configparams force-mem-access 0' command is executed.
11:55:18 INFO  : ----------------XSDB Script----------------
connect -url tcp:127.0.0.1:3121
source C:/TEMP/INF3610/2020847_2028284/LAB1/LAB1.sdk/design_1_wrapper_hw_platform_0/ps7_init.tcl
targets -set -nocase -filter {name =~"APU*" && jtag_cable_name =~ "Digilent Zed 210248763737"} -index 0
rst -system
after 3000
targets -set -filter {jtag_cable_name =~ "Digilent Zed 210248763737" && level==0} -index 1
fpga -file C:/TEMP/INF3610/2020847_2028284/LAB1/LAB1.sdk/design_1_wrapper_hw_platform_0/design_1_wrapper.bit
targets -set -nocase -filter {name =~"APU*" && jtag_cable_name =~ "Digilent Zed 210248763737"} -index 0
loadhw -hw C:/TEMP/INF3610/2020847_2028284/LAB1/LAB1.sdk/design_1_wrapper_hw_platform_0/system.hdf -mem-ranges [list {0x40000000 0xbfffffff}]
configparams force-mem-access 1
targets -set -nocase -filter {name =~"APU*" && jtag_cable_name =~ "Digilent Zed 210248763737"} -index 0
ps7_init
ps7_post_config
targets -set -nocase -filter {name =~ "ARM*#0" && jtag_cable_name =~ "Digilent Zed 210248763737"} -index 0
dow C:/TEMP/INF3610/2020847_2028284/LAB1/LAB1.sdk/lab1_part1/Debug/lab1_part1.elf
configparams force-mem-access 0
----------------End of Script----------------

11:55:18 INFO  : Memory regions updated for context APU
11:55:18 INFO  : Launch script is exported to file 'C:\TEMP\INF3610\2020847_2028284\LAB1\LAB1.sdk\.sdk\launch_scripts\xilinx_c-c++_application_(system_debugger)\system_debugger_using_debug_lab1_part1.elf_on_local.tcl'
11:59:59 INFO  : Disconnected from the channel tcfchan#8.
12:00:00 INFO  : Connected to target on host '127.0.0.1' and port '3121'.
12:00:01 INFO  : Jtag cable 'Digilent Zed 210248763737' is selected.
12:00:01 INFO  : 'jtag frequency' command is executed.
12:00:01 INFO  : Sourcing of 'C:/TEMP/INF3610/2020847_2028284/LAB1/LAB1.sdk/design_1_wrapper_hw_platform_0/ps7_init.tcl' is done.
12:00:01 INFO  : Context for 'APU' is selected.
12:00:01 INFO  : System reset is completed.
12:00:04 INFO  : 'after 3000' command is executed.
12:00:04 INFO  : 'targets -set -filter {jtag_cable_name =~ "Digilent Zed 210248763737" && level==0} -index 1' command is executed.
12:00:06 INFO  : FPGA configured successfully with bitstream "C:/TEMP/INF3610/2020847_2028284/LAB1/LAB1.sdk/design_1_wrapper_hw_platform_0/design_1_wrapper.bit"
12:00:06 INFO  : Context for 'APU' is selected.
12:00:08 INFO  : Hardware design information is loaded from 'C:/TEMP/INF3610/2020847_2028284/LAB1/LAB1.sdk/design_1_wrapper_hw_platform_0/system.hdf'.
12:00:08 INFO  : 'configparams force-mem-access 1' command is executed.
12:00:08 INFO  : Context for 'APU' is selected.
12:00:08 INFO  : 'ps7_init' command is executed.
12:00:08 INFO  : 'ps7_post_config' command is executed.
12:00:08 INFO  : Context for processor 'ps7_cortexa9_0' is selected.
12:00:09 INFO  : The application 'C:/TEMP/INF3610/2020847_2028284/LAB1/LAB1.sdk/lab1_part1/Debug/lab1_part1.elf' is downloaded to processor 'ps7_cortexa9_0'.
12:00:09 INFO  : 'configparams force-mem-access 0' command is executed.
12:00:09 INFO  : ----------------XSDB Script----------------
connect -url tcp:127.0.0.1:3121
source C:/TEMP/INF3610/2020847_2028284/LAB1/LAB1.sdk/design_1_wrapper_hw_platform_0/ps7_init.tcl
targets -set -nocase -filter {name =~"APU*" && jtag_cable_name =~ "Digilent Zed 210248763737"} -index 0
rst -system
after 3000
targets -set -filter {jtag_cable_name =~ "Digilent Zed 210248763737" && level==0} -index 1
fpga -file C:/TEMP/INF3610/2020847_2028284/LAB1/LAB1.sdk/design_1_wrapper_hw_platform_0/design_1_wrapper.bit
targets -set -nocase -filter {name =~"APU*" && jtag_cable_name =~ "Digilent Zed 210248763737"} -index 0
loadhw -hw C:/TEMP/INF3610/2020847_2028284/LAB1/LAB1.sdk/design_1_wrapper_hw_platform_0/system.hdf -mem-ranges [list {0x40000000 0xbfffffff}]
configparams force-mem-access 1
targets -set -nocase -filter {name =~"APU*" && jtag_cable_name =~ "Digilent Zed 210248763737"} -index 0
ps7_init
ps7_post_config
targets -set -nocase -filter {name =~ "ARM*#0" && jtag_cable_name =~ "Digilent Zed 210248763737"} -index 0
dow C:/TEMP/INF3610/2020847_2028284/LAB1/LAB1.sdk/lab1_part1/Debug/lab1_part1.elf
configparams force-mem-access 0
----------------End of Script----------------

12:00:09 INFO  : Memory regions updated for context APU
12:00:09 INFO  : Launch script is exported to file 'C:\TEMP\INF3610\2020847_2028284\LAB1\LAB1.sdk\.sdk\launch_scripts\xilinx_c-c++_application_(system_debugger)\system_debugger_using_debug_lab1_part1.elf_on_local.tcl'
12:03:45 INFO  : Disconnected from the channel tcfchan#9.
12:03:46 INFO  : Connected to target on host '127.0.0.1' and port '3121'.
12:03:46 INFO  : Jtag cable 'Digilent Zed 210248763737' is selected.
12:03:46 INFO  : 'jtag frequency' command is executed.
12:03:46 INFO  : Sourcing of 'C:/TEMP/INF3610/2020847_2028284/LAB1/LAB1.sdk/design_1_wrapper_hw_platform_0/ps7_init.tcl' is done.
12:03:46 INFO  : Context for 'APU' is selected.
12:03:46 INFO  : System reset is completed.
12:03:49 INFO  : 'after 3000' command is executed.
12:03:49 INFO  : 'targets -set -filter {jtag_cable_name =~ "Digilent Zed 210248763737" && level==0} -index 1' command is executed.
12:03:51 INFO  : FPGA configured successfully with bitstream "C:/TEMP/INF3610/2020847_2028284/LAB1/LAB1.sdk/design_1_wrapper_hw_platform_0/design_1_wrapper.bit"
12:03:51 INFO  : Context for 'APU' is selected.
12:03:53 INFO  : Hardware design information is loaded from 'C:/TEMP/INF3610/2020847_2028284/LAB1/LAB1.sdk/design_1_wrapper_hw_platform_0/system.hdf'.
12:03:53 INFO  : 'configparams force-mem-access 1' command is executed.
12:03:53 INFO  : Context for 'APU' is selected.
12:03:54 INFO  : 'ps7_init' command is executed.
12:03:54 INFO  : 'ps7_post_config' command is executed.
12:03:54 INFO  : Context for processor 'ps7_cortexa9_0' is selected.
12:03:54 INFO  : The application 'C:/TEMP/INF3610/2020847_2028284/LAB1/LAB1.sdk/lab1_part1/Debug/lab1_part1.elf' is downloaded to processor 'ps7_cortexa9_0'.
12:03:54 INFO  : 'configparams force-mem-access 0' command is executed.
12:03:54 INFO  : ----------------XSDB Script----------------
connect -url tcp:127.0.0.1:3121
source C:/TEMP/INF3610/2020847_2028284/LAB1/LAB1.sdk/design_1_wrapper_hw_platform_0/ps7_init.tcl
targets -set -nocase -filter {name =~"APU*" && jtag_cable_name =~ "Digilent Zed 210248763737"} -index 0
rst -system
after 3000
targets -set -filter {jtag_cable_name =~ "Digilent Zed 210248763737" && level==0} -index 1
fpga -file C:/TEMP/INF3610/2020847_2028284/LAB1/LAB1.sdk/design_1_wrapper_hw_platform_0/design_1_wrapper.bit
targets -set -nocase -filter {name =~"APU*" && jtag_cable_name =~ "Digilent Zed 210248763737"} -index 0
loadhw -hw C:/TEMP/INF3610/2020847_2028284/LAB1/LAB1.sdk/design_1_wrapper_hw_platform_0/system.hdf -mem-ranges [list {0x40000000 0xbfffffff}]
configparams force-mem-access 1
targets -set -nocase -filter {name =~"APU*" && jtag_cable_name =~ "Digilent Zed 210248763737"} -index 0
ps7_init
ps7_post_config
targets -set -nocase -filter {name =~ "ARM*#0" && jtag_cable_name =~ "Digilent Zed 210248763737"} -index 0
dow C:/TEMP/INF3610/2020847_2028284/LAB1/LAB1.sdk/lab1_part1/Debug/lab1_part1.elf
configparams force-mem-access 0
----------------End of Script----------------

12:03:54 INFO  : Memory regions updated for context APU
12:03:54 INFO  : Launch script is exported to file 'C:\TEMP\INF3610\2020847_2028284\LAB1\LAB1.sdk\.sdk\launch_scripts\xilinx_c-c++_application_(system_debugger)\system_debugger_using_debug_lab1_part1.elf_on_local.tcl'
12:05:59 INFO  : Disconnected from the channel tcfchan#10.
12:06:00 INFO  : Connected to target on host '127.0.0.1' and port '3121'.
12:06:00 INFO  : Jtag cable 'Digilent Zed 210248763737' is selected.
12:06:00 INFO  : 'jtag frequency' command is executed.
12:06:00 INFO  : Sourcing of 'C:/TEMP/INF3610/2020847_2028284/LAB1/LAB1.sdk/design_1_wrapper_hw_platform_0/ps7_init.tcl' is done.
12:06:00 INFO  : Context for 'APU' is selected.
12:06:01 INFO  : System reset is completed.
12:06:04 INFO  : 'after 3000' command is executed.
12:06:04 INFO  : 'targets -set -filter {jtag_cable_name =~ "Digilent Zed 210248763737" && level==0} -index 1' command is executed.
12:06:06 INFO  : FPGA configured successfully with bitstream "C:/TEMP/INF3610/2020847_2028284/LAB1/LAB1.sdk/design_1_wrapper_hw_platform_0/design_1_wrapper.bit"
12:06:06 INFO  : Context for 'APU' is selected.
12:06:08 INFO  : Hardware design information is loaded from 'C:/TEMP/INF3610/2020847_2028284/LAB1/LAB1.sdk/design_1_wrapper_hw_platform_0/system.hdf'.
12:06:08 INFO  : 'configparams force-mem-access 1' command is executed.
12:06:08 INFO  : Context for 'APU' is selected.
12:06:08 INFO  : 'ps7_init' command is executed.
12:06:08 INFO  : 'ps7_post_config' command is executed.
12:06:08 INFO  : Context for processor 'ps7_cortexa9_0' is selected.
12:06:08 INFO  : The application 'C:/TEMP/INF3610/2020847_2028284/LAB1/LAB1.sdk/lab1_part1/Debug/lab1_part1.elf' is downloaded to processor 'ps7_cortexa9_0'.
12:06:08 INFO  : 'configparams force-mem-access 0' command is executed.
12:06:08 INFO  : ----------------XSDB Script----------------
connect -url tcp:127.0.0.1:3121
source C:/TEMP/INF3610/2020847_2028284/LAB1/LAB1.sdk/design_1_wrapper_hw_platform_0/ps7_init.tcl
targets -set -nocase -filter {name =~"APU*" && jtag_cable_name =~ "Digilent Zed 210248763737"} -index 0
rst -system
after 3000
targets -set -filter {jtag_cable_name =~ "Digilent Zed 210248763737" && level==0} -index 1
fpga -file C:/TEMP/INF3610/2020847_2028284/LAB1/LAB1.sdk/design_1_wrapper_hw_platform_0/design_1_wrapper.bit
targets -set -nocase -filter {name =~"APU*" && jtag_cable_name =~ "Digilent Zed 210248763737"} -index 0
loadhw -hw C:/TEMP/INF3610/2020847_2028284/LAB1/LAB1.sdk/design_1_wrapper_hw_platform_0/system.hdf -mem-ranges [list {0x40000000 0xbfffffff}]
configparams force-mem-access 1
targets -set -nocase -filter {name =~"APU*" && jtag_cable_name =~ "Digilent Zed 210248763737"} -index 0
ps7_init
ps7_post_config
targets -set -nocase -filter {name =~ "ARM*#0" && jtag_cable_name =~ "Digilent Zed 210248763737"} -index 0
dow C:/TEMP/INF3610/2020847_2028284/LAB1/LAB1.sdk/lab1_part1/Debug/lab1_part1.elf
configparams force-mem-access 0
----------------End of Script----------------

12:06:09 INFO  : Memory regions updated for context APU
12:06:09 INFO  : Launch script is exported to file 'C:\TEMP\INF3610\2020847_2028284\LAB1\LAB1.sdk\.sdk\launch_scripts\xilinx_c-c++_application_(system_debugger)\system_debugger_using_debug_lab1_part1.elf_on_local.tcl'
12:07:49 INFO  : Disconnected from the channel tcfchan#11.
12:07:50 INFO  : Connected to target on host '127.0.0.1' and port '3121'.
12:07:51 INFO  : Jtag cable 'Digilent Zed 210248763737' is selected.
12:07:51 INFO  : 'jtag frequency' command is executed.
12:07:51 INFO  : Sourcing of 'C:/TEMP/INF3610/2020847_2028284/LAB1/LAB1.sdk/design_1_wrapper_hw_platform_0/ps7_init.tcl' is done.
12:07:51 INFO  : Context for 'APU' is selected.
12:07:51 INFO  : System reset is completed.
12:07:54 INFO  : 'after 3000' command is executed.
12:07:54 INFO  : 'targets -set -filter {jtag_cable_name =~ "Digilent Zed 210248763737" && level==0} -index 1' command is executed.
12:07:56 INFO  : FPGA configured successfully with bitstream "C:/TEMP/INF3610/2020847_2028284/LAB1/LAB1.sdk/design_1_wrapper_hw_platform_0/design_1_wrapper.bit"
12:07:56 INFO  : Context for 'APU' is selected.
12:07:58 INFO  : Hardware design information is loaded from 'C:/TEMP/INF3610/2020847_2028284/LAB1/LAB1.sdk/design_1_wrapper_hw_platform_0/system.hdf'.
12:07:58 INFO  : 'configparams force-mem-access 1' command is executed.
12:07:58 INFO  : Context for 'APU' is selected.
12:07:58 INFO  : 'ps7_init' command is executed.
12:07:58 INFO  : 'ps7_post_config' command is executed.
12:07:58 INFO  : Context for processor 'ps7_cortexa9_0' is selected.
12:07:59 INFO  : The application 'C:/TEMP/INF3610/2020847_2028284/LAB1/LAB1.sdk/lab1_part1/Debug/lab1_part1.elf' is downloaded to processor 'ps7_cortexa9_0'.
12:07:59 INFO  : 'configparams force-mem-access 0' command is executed.
12:07:59 INFO  : ----------------XSDB Script----------------
connect -url tcp:127.0.0.1:3121
source C:/TEMP/INF3610/2020847_2028284/LAB1/LAB1.sdk/design_1_wrapper_hw_platform_0/ps7_init.tcl
targets -set -nocase -filter {name =~"APU*" && jtag_cable_name =~ "Digilent Zed 210248763737"} -index 0
rst -system
after 3000
targets -set -filter {jtag_cable_name =~ "Digilent Zed 210248763737" && level==0} -index 1
fpga -file C:/TEMP/INF3610/2020847_2028284/LAB1/LAB1.sdk/design_1_wrapper_hw_platform_0/design_1_wrapper.bit
targets -set -nocase -filter {name =~"APU*" && jtag_cable_name =~ "Digilent Zed 210248763737"} -index 0
loadhw -hw C:/TEMP/INF3610/2020847_2028284/LAB1/LAB1.sdk/design_1_wrapper_hw_platform_0/system.hdf -mem-ranges [list {0x40000000 0xbfffffff}]
configparams force-mem-access 1
targets -set -nocase -filter {name =~"APU*" && jtag_cable_name =~ "Digilent Zed 210248763737"} -index 0
ps7_init
ps7_post_config
targets -set -nocase -filter {name =~ "ARM*#0" && jtag_cable_name =~ "Digilent Zed 210248763737"} -index 0
dow C:/TEMP/INF3610/2020847_2028284/LAB1/LAB1.sdk/lab1_part1/Debug/lab1_part1.elf
configparams force-mem-access 0
----------------End of Script----------------

12:07:59 INFO  : Memory regions updated for context APU
12:07:59 INFO  : Launch script is exported to file 'C:\TEMP\INF3610\2020847_2028284\LAB1\LAB1.sdk\.sdk\launch_scripts\xilinx_c-c++_application_(system_debugger)\system_debugger_using_debug_lab1_part1.elf_on_local.tcl'
12:10:21 INFO  : Disconnected from the channel tcfchan#12.
12:10:22 INFO  : Connected to target on host '127.0.0.1' and port '3121'.
12:10:22 INFO  : Jtag cable 'Digilent Zed 210248763737' is selected.
12:10:22 INFO  : 'jtag frequency' command is executed.
12:10:22 INFO  : Sourcing of 'C:/TEMP/INF3610/2020847_2028284/LAB1/LAB1.sdk/design_1_wrapper_hw_platform_0/ps7_init.tcl' is done.
12:10:22 INFO  : Context for 'APU' is selected.
12:10:22 INFO  : System reset is completed.
12:10:25 INFO  : 'after 3000' command is executed.
12:10:25 INFO  : 'targets -set -filter {jtag_cable_name =~ "Digilent Zed 210248763737" && level==0} -index 1' command is executed.
12:10:27 INFO  : FPGA configured successfully with bitstream "C:/TEMP/INF3610/2020847_2028284/LAB1/LAB1.sdk/design_1_wrapper_hw_platform_0/design_1_wrapper.bit"
12:10:28 INFO  : Context for 'APU' is selected.
12:10:29 INFO  : Hardware design information is loaded from 'C:/TEMP/INF3610/2020847_2028284/LAB1/LAB1.sdk/design_1_wrapper_hw_platform_0/system.hdf'.
12:10:29 INFO  : 'configparams force-mem-access 1' command is executed.
12:10:29 INFO  : Context for 'APU' is selected.
12:10:29 INFO  : 'ps7_init' command is executed.
12:10:29 INFO  : 'ps7_post_config' command is executed.
12:10:29 INFO  : Context for processor 'ps7_cortexa9_0' is selected.
12:10:30 INFO  : The application 'C:/TEMP/INF3610/2020847_2028284/LAB1/LAB1.sdk/lab1_part1/Debug/lab1_part1.elf' is downloaded to processor 'ps7_cortexa9_0'.
12:10:30 INFO  : 'configparams force-mem-access 0' command is executed.
12:10:30 INFO  : ----------------XSDB Script----------------
connect -url tcp:127.0.0.1:3121
source C:/TEMP/INF3610/2020847_2028284/LAB1/LAB1.sdk/design_1_wrapper_hw_platform_0/ps7_init.tcl
targets -set -nocase -filter {name =~"APU*" && jtag_cable_name =~ "Digilent Zed 210248763737"} -index 0
rst -system
after 3000
targets -set -filter {jtag_cable_name =~ "Digilent Zed 210248763737" && level==0} -index 1
fpga -file C:/TEMP/INF3610/2020847_2028284/LAB1/LAB1.sdk/design_1_wrapper_hw_platform_0/design_1_wrapper.bit
targets -set -nocase -filter {name =~"APU*" && jtag_cable_name =~ "Digilent Zed 210248763737"} -index 0
loadhw -hw C:/TEMP/INF3610/2020847_2028284/LAB1/LAB1.sdk/design_1_wrapper_hw_platform_0/system.hdf -mem-ranges [list {0x40000000 0xbfffffff}]
configparams force-mem-access 1
targets -set -nocase -filter {name =~"APU*" && jtag_cable_name =~ "Digilent Zed 210248763737"} -index 0
ps7_init
ps7_post_config
targets -set -nocase -filter {name =~ "ARM*#0" && jtag_cable_name =~ "Digilent Zed 210248763737"} -index 0
dow C:/TEMP/INF3610/2020847_2028284/LAB1/LAB1.sdk/lab1_part1/Debug/lab1_part1.elf
configparams force-mem-access 0
----------------End of Script----------------

12:10:30 INFO  : Memory regions updated for context APU
12:10:30 INFO  : Launch script is exported to file 'C:\TEMP\INF3610\2020847_2028284\LAB1\LAB1.sdk\.sdk\launch_scripts\xilinx_c-c++_application_(system_debugger)\system_debugger_using_debug_lab1_part1.elf_on_local.tcl'
12:14:16 INFO  : Disconnected from the channel tcfchan#13.
12:14:17 INFO  : Connected to target on host '127.0.0.1' and port '3121'.
12:14:17 INFO  : Jtag cable 'Digilent Zed 210248763737' is selected.
12:14:17 INFO  : 'jtag frequency' command is executed.
12:14:17 INFO  : Sourcing of 'C:/TEMP/INF3610/2020847_2028284/LAB1/LAB1.sdk/design_1_wrapper_hw_platform_0/ps7_init.tcl' is done.
12:14:17 INFO  : Context for 'APU' is selected.
12:14:17 INFO  : System reset is completed.
12:14:20 INFO  : 'after 3000' command is executed.
12:14:20 INFO  : 'targets -set -filter {jtag_cable_name =~ "Digilent Zed 210248763737" && level==0} -index 1' command is executed.
12:14:22 INFO  : FPGA configured successfully with bitstream "C:/TEMP/INF3610/2020847_2028284/LAB1/LAB1.sdk/design_1_wrapper_hw_platform_0/design_1_wrapper.bit"
12:14:23 INFO  : Context for 'APU' is selected.
12:14:24 INFO  : Hardware design information is loaded from 'C:/TEMP/INF3610/2020847_2028284/LAB1/LAB1.sdk/design_1_wrapper_hw_platform_0/system.hdf'.
12:14:24 INFO  : 'configparams force-mem-access 1' command is executed.
12:14:24 INFO  : Context for 'APU' is selected.
12:14:25 INFO  : 'ps7_init' command is executed.
12:14:25 INFO  : 'ps7_post_config' command is executed.
12:14:25 INFO  : Context for processor 'ps7_cortexa9_0' is selected.
12:14:25 INFO  : The application 'C:/TEMP/INF3610/2020847_2028284/LAB1/LAB1.sdk/lab1_part1/Debug/lab1_part1.elf' is downloaded to processor 'ps7_cortexa9_0'.
12:14:25 INFO  : 'configparams force-mem-access 0' command is executed.
12:14:25 INFO  : ----------------XSDB Script----------------
connect -url tcp:127.0.0.1:3121
source C:/TEMP/INF3610/2020847_2028284/LAB1/LAB1.sdk/design_1_wrapper_hw_platform_0/ps7_init.tcl
targets -set -nocase -filter {name =~"APU*" && jtag_cable_name =~ "Digilent Zed 210248763737"} -index 0
rst -system
after 3000
targets -set -filter {jtag_cable_name =~ "Digilent Zed 210248763737" && level==0} -index 1
fpga -file C:/TEMP/INF3610/2020847_2028284/LAB1/LAB1.sdk/design_1_wrapper_hw_platform_0/design_1_wrapper.bit
targets -set -nocase -filter {name =~"APU*" && jtag_cable_name =~ "Digilent Zed 210248763737"} -index 0
loadhw -hw C:/TEMP/INF3610/2020847_2028284/LAB1/LAB1.sdk/design_1_wrapper_hw_platform_0/system.hdf -mem-ranges [list {0x40000000 0xbfffffff}]
configparams force-mem-access 1
targets -set -nocase -filter {name =~"APU*" && jtag_cable_name =~ "Digilent Zed 210248763737"} -index 0
ps7_init
ps7_post_config
targets -set -nocase -filter {name =~ "ARM*#0" && jtag_cable_name =~ "Digilent Zed 210248763737"} -index 0
dow C:/TEMP/INF3610/2020847_2028284/LAB1/LAB1.sdk/lab1_part1/Debug/lab1_part1.elf
configparams force-mem-access 0
----------------End of Script----------------

12:14:25 INFO  : Memory regions updated for context APU
12:14:25 INFO  : Launch script is exported to file 'C:\TEMP\INF3610\2020847_2028284\LAB1\LAB1.sdk\.sdk\launch_scripts\xilinx_c-c++_application_(system_debugger)\system_debugger_using_debug_lab1_part1.elf_on_local.tcl'
12:20:00 INFO  : Disconnected from the channel tcfchan#14.
12:20:01 INFO  : Connected to target on host '127.0.0.1' and port '3121'.
12:20:01 INFO  : Jtag cable 'Digilent Zed 210248763737' is selected.
12:20:01 INFO  : 'jtag frequency' command is executed.
12:20:01 INFO  : Sourcing of 'C:/TEMP/INF3610/2020847_2028284/LAB1/LAB1.sdk/design_1_wrapper_hw_platform_0/ps7_init.tcl' is done.
12:20:01 INFO  : Context for 'APU' is selected.
12:20:01 INFO  : System reset is completed.
12:20:04 INFO  : 'after 3000' command is executed.
12:20:04 INFO  : 'targets -set -filter {jtag_cable_name =~ "Digilent Zed 210248763737" && level==0} -index 1' command is executed.
12:20:06 INFO  : FPGA configured successfully with bitstream "C:/TEMP/INF3610/2020847_2028284/LAB1/LAB1.sdk/design_1_wrapper_hw_platform_0/design_1_wrapper.bit"
12:20:06 INFO  : Context for 'APU' is selected.
12:20:08 INFO  : Hardware design information is loaded from 'C:/TEMP/INF3610/2020847_2028284/LAB1/LAB1.sdk/design_1_wrapper_hw_platform_0/system.hdf'.
12:20:08 INFO  : 'configparams force-mem-access 1' command is executed.
12:20:08 INFO  : Context for 'APU' is selected.
12:20:08 INFO  : 'ps7_init' command is executed.
12:20:08 INFO  : 'ps7_post_config' command is executed.
12:20:09 INFO  : Context for processor 'ps7_cortexa9_0' is selected.
12:20:09 INFO  : The application 'C:/TEMP/INF3610/2020847_2028284/LAB1/LAB1.sdk/lab1_part1/Debug/lab1_part1.elf' is downloaded to processor 'ps7_cortexa9_0'.
12:20:09 INFO  : 'configparams force-mem-access 0' command is executed.
12:20:09 INFO  : ----------------XSDB Script----------------
connect -url tcp:127.0.0.1:3121
source C:/TEMP/INF3610/2020847_2028284/LAB1/LAB1.sdk/design_1_wrapper_hw_platform_0/ps7_init.tcl
targets -set -nocase -filter {name =~"APU*" && jtag_cable_name =~ "Digilent Zed 210248763737"} -index 0
rst -system
after 3000
targets -set -filter {jtag_cable_name =~ "Digilent Zed 210248763737" && level==0} -index 1
fpga -file C:/TEMP/INF3610/2020847_2028284/LAB1/LAB1.sdk/design_1_wrapper_hw_platform_0/design_1_wrapper.bit
targets -set -nocase -filter {name =~"APU*" && jtag_cable_name =~ "Digilent Zed 210248763737"} -index 0
loadhw -hw C:/TEMP/INF3610/2020847_2028284/LAB1/LAB1.sdk/design_1_wrapper_hw_platform_0/system.hdf -mem-ranges [list {0x40000000 0xbfffffff}]
configparams force-mem-access 1
targets -set -nocase -filter {name =~"APU*" && jtag_cable_name =~ "Digilent Zed 210248763737"} -index 0
ps7_init
ps7_post_config
targets -set -nocase -filter {name =~ "ARM*#0" && jtag_cable_name =~ "Digilent Zed 210248763737"} -index 0
dow C:/TEMP/INF3610/2020847_2028284/LAB1/LAB1.sdk/lab1_part1/Debug/lab1_part1.elf
configparams force-mem-access 0
----------------End of Script----------------

12:20:09 INFO  : Memory regions updated for context APU
12:20:09 INFO  : Launch script is exported to file 'C:\TEMP\INF3610\2020847_2028284\LAB1\LAB1.sdk\.sdk\launch_scripts\xilinx_c-c++_application_(system_debugger)\system_debugger_using_debug_lab1_part1.elf_on_local.tcl'
12:22:46 INFO  : Disconnected from the channel tcfchan#15.
12:22:47 INFO  : Connected to target on host '127.0.0.1' and port '3121'.
12:22:47 INFO  : Jtag cable 'Digilent Zed 210248763737' is selected.
12:22:47 INFO  : 'jtag frequency' command is executed.
12:22:47 INFO  : Sourcing of 'C:/TEMP/INF3610/2020847_2028284/LAB1/LAB1.sdk/design_1_wrapper_hw_platform_0/ps7_init.tcl' is done.
12:22:47 INFO  : Context for 'APU' is selected.
12:22:47 INFO  : System reset is completed.
12:22:50 INFO  : 'after 3000' command is executed.
12:22:50 INFO  : 'targets -set -filter {jtag_cable_name =~ "Digilent Zed 210248763737" && level==0} -index 1' command is executed.
12:22:52 INFO  : FPGA configured successfully with bitstream "C:/TEMP/INF3610/2020847_2028284/LAB1/LAB1.sdk/design_1_wrapper_hw_platform_0/design_1_wrapper.bit"
12:22:52 INFO  : Context for 'APU' is selected.
12:22:54 INFO  : Hardware design information is loaded from 'C:/TEMP/INF3610/2020847_2028284/LAB1/LAB1.sdk/design_1_wrapper_hw_platform_0/system.hdf'.
12:22:54 INFO  : 'configparams force-mem-access 1' command is executed.
12:22:54 INFO  : Context for 'APU' is selected.
12:22:54 INFO  : 'ps7_init' command is executed.
12:22:54 INFO  : 'ps7_post_config' command is executed.
12:22:54 INFO  : Context for processor 'ps7_cortexa9_0' is selected.
12:22:55 INFO  : The application 'C:/TEMP/INF3610/2020847_2028284/LAB1/LAB1.sdk/lab1_part1/Debug/lab1_part1.elf' is downloaded to processor 'ps7_cortexa9_0'.
12:22:55 INFO  : 'configparams force-mem-access 0' command is executed.
12:22:55 INFO  : ----------------XSDB Script----------------
connect -url tcp:127.0.0.1:3121
source C:/TEMP/INF3610/2020847_2028284/LAB1/LAB1.sdk/design_1_wrapper_hw_platform_0/ps7_init.tcl
targets -set -nocase -filter {name =~"APU*" && jtag_cable_name =~ "Digilent Zed 210248763737"} -index 0
rst -system
after 3000
targets -set -filter {jtag_cable_name =~ "Digilent Zed 210248763737" && level==0} -index 1
fpga -file C:/TEMP/INF3610/2020847_2028284/LAB1/LAB1.sdk/design_1_wrapper_hw_platform_0/design_1_wrapper.bit
targets -set -nocase -filter {name =~"APU*" && jtag_cable_name =~ "Digilent Zed 210248763737"} -index 0
loadhw -hw C:/TEMP/INF3610/2020847_2028284/LAB1/LAB1.sdk/design_1_wrapper_hw_platform_0/system.hdf -mem-ranges [list {0x40000000 0xbfffffff}]
configparams force-mem-access 1
targets -set -nocase -filter {name =~"APU*" && jtag_cable_name =~ "Digilent Zed 210248763737"} -index 0
ps7_init
ps7_post_config
targets -set -nocase -filter {name =~ "ARM*#0" && jtag_cable_name =~ "Digilent Zed 210248763737"} -index 0
dow C:/TEMP/INF3610/2020847_2028284/LAB1/LAB1.sdk/lab1_part1/Debug/lab1_part1.elf
configparams force-mem-access 0
----------------End of Script----------------

12:22:55 INFO  : Memory regions updated for context APU
12:22:55 INFO  : Launch script is exported to file 'C:\TEMP\INF3610\2020847_2028284\LAB1\LAB1.sdk\.sdk\launch_scripts\xilinx_c-c++_application_(system_debugger)\system_debugger_using_debug_lab1_part1.elf_on_local.tcl'
12:24:34 INFO  : Disconnected from the channel tcfchan#16.
12:24:35 INFO  : Connected to target on host '127.0.0.1' and port '3121'.
12:24:35 INFO  : Jtag cable 'Digilent Zed 210248763737' is selected.
12:24:35 INFO  : 'jtag frequency' command is executed.
12:24:35 INFO  : Sourcing of 'C:/TEMP/INF3610/2020847_2028284/LAB1/LAB1.sdk/design_1_wrapper_hw_platform_0/ps7_init.tcl' is done.
12:24:35 INFO  : Context for 'APU' is selected.
12:24:35 INFO  : System reset is completed.
12:24:38 INFO  : 'after 3000' command is executed.
12:24:38 INFO  : 'targets -set -filter {jtag_cable_name =~ "Digilent Zed 210248763737" && level==0} -index 1' command is executed.
12:24:40 INFO  : FPGA configured successfully with bitstream "C:/TEMP/INF3610/2020847_2028284/LAB1/LAB1.sdk/design_1_wrapper_hw_platform_0/design_1_wrapper.bit"
12:24:40 INFO  : Context for 'APU' is selected.
12:24:42 INFO  : Hardware design information is loaded from 'C:/TEMP/INF3610/2020847_2028284/LAB1/LAB1.sdk/design_1_wrapper_hw_platform_0/system.hdf'.
12:24:42 INFO  : 'configparams force-mem-access 1' command is executed.
12:24:42 INFO  : Context for 'APU' is selected.
12:24:42 INFO  : 'ps7_init' command is executed.
12:24:42 INFO  : 'ps7_post_config' command is executed.
12:24:42 INFO  : Context for processor 'ps7_cortexa9_0' is selected.
12:24:42 INFO  : The application 'C:/TEMP/INF3610/2020847_2028284/LAB1/LAB1.sdk/lab1_part1/Debug/lab1_part1.elf' is downloaded to processor 'ps7_cortexa9_0'.
12:24:42 INFO  : 'configparams force-mem-access 0' command is executed.
12:24:42 INFO  : ----------------XSDB Script----------------
connect -url tcp:127.0.0.1:3121
source C:/TEMP/INF3610/2020847_2028284/LAB1/LAB1.sdk/design_1_wrapper_hw_platform_0/ps7_init.tcl
targets -set -nocase -filter {name =~"APU*" && jtag_cable_name =~ "Digilent Zed 210248763737"} -index 0
rst -system
after 3000
targets -set -filter {jtag_cable_name =~ "Digilent Zed 210248763737" && level==0} -index 1
fpga -file C:/TEMP/INF3610/2020847_2028284/LAB1/LAB1.sdk/design_1_wrapper_hw_platform_0/design_1_wrapper.bit
targets -set -nocase -filter {name =~"APU*" && jtag_cable_name =~ "Digilent Zed 210248763737"} -index 0
loadhw -hw C:/TEMP/INF3610/2020847_2028284/LAB1/LAB1.sdk/design_1_wrapper_hw_platform_0/system.hdf -mem-ranges [list {0x40000000 0xbfffffff}]
configparams force-mem-access 1
targets -set -nocase -filter {name =~"APU*" && jtag_cable_name =~ "Digilent Zed 210248763737"} -index 0
ps7_init
ps7_post_config
targets -set -nocase -filter {name =~ "ARM*#0" && jtag_cable_name =~ "Digilent Zed 210248763737"} -index 0
dow C:/TEMP/INF3610/2020847_2028284/LAB1/LAB1.sdk/lab1_part1/Debug/lab1_part1.elf
configparams force-mem-access 0
----------------End of Script----------------

12:24:43 INFO  : Memory regions updated for context APU
12:24:43 INFO  : Launch script is exported to file 'C:\TEMP\INF3610\2020847_2028284\LAB1\LAB1.sdk\.sdk\launch_scripts\xilinx_c-c++_application_(system_debugger)\system_debugger_using_debug_lab1_part1.elf_on_local.tcl'
12:31:39 INFO  : Disconnected from the channel tcfchan#17.
12:31:40 INFO  : Connected to target on host '127.0.0.1' and port '3121'.
12:31:40 INFO  : Jtag cable 'Digilent Zed 210248763737' is selected.
12:31:40 INFO  : 'jtag frequency' command is executed.
12:31:40 INFO  : Sourcing of 'C:/TEMP/INF3610/2020847_2028284/LAB1/LAB1.sdk/design_1_wrapper_hw_platform_0/ps7_init.tcl' is done.
12:31:40 INFO  : Context for 'APU' is selected.
12:31:41 INFO  : System reset is completed.
12:31:44 INFO  : 'after 3000' command is executed.
12:31:44 INFO  : 'targets -set -filter {jtag_cable_name =~ "Digilent Zed 210248763737" && level==0} -index 1' command is executed.
12:31:46 INFO  : FPGA configured successfully with bitstream "C:/TEMP/INF3610/2020847_2028284/LAB1/LAB1.sdk/design_1_wrapper_hw_platform_0/design_1_wrapper.bit"
12:31:46 INFO  : Context for 'APU' is selected.
12:31:48 INFO  : Hardware design information is loaded from 'C:/TEMP/INF3610/2020847_2028284/LAB1/LAB1.sdk/design_1_wrapper_hw_platform_0/system.hdf'.
12:31:48 INFO  : 'configparams force-mem-access 1' command is executed.
12:31:48 INFO  : Context for 'APU' is selected.
12:31:48 INFO  : 'ps7_init' command is executed.
12:31:48 INFO  : 'ps7_post_config' command is executed.
12:31:48 INFO  : Context for processor 'ps7_cortexa9_0' is selected.
12:31:48 INFO  : The application 'C:/TEMP/INF3610/2020847_2028284/LAB1/LAB1.sdk/lab1_part1/Debug/lab1_part1.elf' is downloaded to processor 'ps7_cortexa9_0'.
12:31:48 INFO  : 'configparams force-mem-access 0' command is executed.
12:31:48 INFO  : ----------------XSDB Script----------------
connect -url tcp:127.0.0.1:3121
source C:/TEMP/INF3610/2020847_2028284/LAB1/LAB1.sdk/design_1_wrapper_hw_platform_0/ps7_init.tcl
targets -set -nocase -filter {name =~"APU*" && jtag_cable_name =~ "Digilent Zed 210248763737"} -index 0
rst -system
after 3000
targets -set -filter {jtag_cable_name =~ "Digilent Zed 210248763737" && level==0} -index 1
fpga -file C:/TEMP/INF3610/2020847_2028284/LAB1/LAB1.sdk/design_1_wrapper_hw_platform_0/design_1_wrapper.bit
targets -set -nocase -filter {name =~"APU*" && jtag_cable_name =~ "Digilent Zed 210248763737"} -index 0
loadhw -hw C:/TEMP/INF3610/2020847_2028284/LAB1/LAB1.sdk/design_1_wrapper_hw_platform_0/system.hdf -mem-ranges [list {0x40000000 0xbfffffff}]
configparams force-mem-access 1
targets -set -nocase -filter {name =~"APU*" && jtag_cable_name =~ "Digilent Zed 210248763737"} -index 0
ps7_init
ps7_post_config
targets -set -nocase -filter {name =~ "ARM*#0" && jtag_cable_name =~ "Digilent Zed 210248763737"} -index 0
dow C:/TEMP/INF3610/2020847_2028284/LAB1/LAB1.sdk/lab1_part1/Debug/lab1_part1.elf
configparams force-mem-access 0
----------------End of Script----------------

12:31:48 INFO  : Memory regions updated for context APU
12:31:48 INFO  : Launch script is exported to file 'C:\TEMP\INF3610\2020847_2028284\LAB1\LAB1.sdk\.sdk\launch_scripts\xilinx_c-c++_application_(system_debugger)\system_debugger_using_debug_lab1_part1.elf_on_local.tcl'
13:16:03 INFO  : Registering command handlers for SDK TCF services
13:16:03 INFO  : Launching XSCT server: xsct.bat -interactive H:\TEMP\INF3610\2020847_2028284\LAB1\LAB1.sdk\temp_xsdb_launch_script.tcl
13:16:07 INFO  : XSCT server has started successfully.
13:16:07 INFO  : Successfully done setting XSCT server connection channel  
13:16:10 INFO  : Restoring local repository preferences: 
		 C:\TEMP\INF3610\ucos_v1_44\ucos
		 C:\TEMP\INF3610\ucos_v1_44
13:16:10 WARN  : Invalid repository path C:\TEMP\INF3610\ucos_v1_44.
13:16:10 WARN  : Invalid repository path C:\TEMP\INF3610\ucos_v1_44\ucos.
13:16:10 INFO  : Processing command line option -hwspec H:/TEMP/INF3610/2020847_2028284/LAB1/LAB1.sdk/design_1_wrapper.hdf.
13:16:10 INFO  : Successfully done setting SDK workspace  
13:18:45 INFO  : Saving repository preferences.
13:18:45 INFO  : Reading in cores from local repositories: 
		 C:\TEMP\INF3610\ucos_v1_44\ucos
		 C:\TEMP\INF3610\ucos_v1_44
13:18:45 WARN  : Invalid repository path C:\TEMP\INF3610\ucos_v1_44.
13:18:45 WARN  : Invalid repository path C:\TEMP\INF3610\ucos_v1_44\ucos.
13:18:45 INFO  : Cleaning BSP projects in the workspace.
13:20:48 INFO  : Connected to target on host '127.0.0.1' and port '3121'.
13:20:48 INFO  : 'targets -set -filter {jtag_cable_name =~ "Digilent Zed 210248763737" && level==0} -index 1' command is executed.
13:20:52 INFO  : FPGA configured successfully with bitstream "H:/TEMP/INF3610/2020847_2028284/LAB1/LAB1.sdk/design_1_wrapper_hw_platform_0/design_1_wrapper.bit"
13:23:23 INFO  : Connected to target on host '127.0.0.1' and port '3121'.
13:23:24 INFO  : Jtag cable 'Digilent Zed 210248763737' is selected.
13:23:24 INFO  : 'jtag frequency' command is executed.
13:23:24 INFO  : Sourcing of 'H:/TEMP/INF3610/2020847_2028284/LAB1/LAB1.sdk/design_1_wrapper_hw_platform_0/ps7_init.tcl' is done.
13:23:24 INFO  : Context for 'APU' is selected.
13:23:24 INFO  : System reset is completed.
13:23:27 INFO  : 'after 3000' command is executed.
13:23:27 INFO  : 'targets -set -filter {jtag_cable_name =~ "Digilent Zed 210248763737" && level==0} -index 1' command is executed.
13:23:29 INFO  : FPGA configured successfully with bitstream "H:/TEMP/INF3610/2020847_2028284/LAB1/LAB1.sdk/design_1_wrapper_hw_platform_0/design_1_wrapper.bit"
13:23:30 INFO  : Context for 'APU' is selected.
13:23:30 INFO  : Hardware design information is loaded from 'H:/TEMP/INF3610/2020847_2028284/LAB1/LAB1.sdk/design_1_wrapper_hw_platform_0/system.hdf'.
13:23:30 INFO  : 'configparams force-mem-access 1' command is executed.
13:23:30 INFO  : Context for 'APU' is selected.
13:23:30 INFO  : 'ps7_init' command is executed.
13:23:31 INFO  : 'ps7_post_config' command is executed.
13:23:31 INFO  : Context for processor 'ps7_cortexa9_0' is selected.
13:23:31 INFO  : The application 'H:/TEMP/INF3610/2020847_2028284/LAB1/LAB1.sdk/lab1_part1/Debug/lab1_part1.elf' is downloaded to processor 'ps7_cortexa9_0'.
13:23:31 INFO  : 'configparams force-mem-access 0' command is executed.
13:23:31 INFO  : ----------------XSDB Script----------------
connect -url tcp:127.0.0.1:3121
source H:/TEMP/INF3610/2020847_2028284/LAB1/LAB1.sdk/design_1_wrapper_hw_platform_0/ps7_init.tcl
targets -set -nocase -filter {name =~"APU*" && jtag_cable_name =~ "Digilent Zed 210248763737"} -index 0
rst -system
after 3000
targets -set -filter {jtag_cable_name =~ "Digilent Zed 210248763737" && level==0} -index 1
fpga -file H:/TEMP/INF3610/2020847_2028284/LAB1/LAB1.sdk/design_1_wrapper_hw_platform_0/design_1_wrapper.bit
targets -set -nocase -filter {name =~"APU*" && jtag_cable_name =~ "Digilent Zed 210248763737"} -index 0
loadhw -hw H:/TEMP/INF3610/2020847_2028284/LAB1/LAB1.sdk/design_1_wrapper_hw_platform_0/system.hdf -mem-ranges [list {0x40000000 0xbfffffff}]
configparams force-mem-access 1
targets -set -nocase -filter {name =~"APU*" && jtag_cable_name =~ "Digilent Zed 210248763737"} -index 0
ps7_init
ps7_post_config
targets -set -nocase -filter {name =~ "ARM*#0" && jtag_cable_name =~ "Digilent Zed 210248763737"} -index 0
dow H:/TEMP/INF3610/2020847_2028284/LAB1/LAB1.sdk/lab1_part1/Debug/lab1_part1.elf
configparams force-mem-access 0
----------------End of Script----------------

13:23:31 INFO  : Memory regions updated for context APU
13:23:31 INFO  : Launch script is exported to file 'H:\TEMP\INF3610\2020847_2028284\LAB1\LAB1.sdk\.sdk\launch_scripts\xilinx_c-c++_application_(system_debugger)\system_debugger_using_debug_lab1_part1.elf_on_local.tcl'
13:27:55 INFO  : Disconnected from the channel tcfchan#1.
13:28:17 INFO  : Registering command handlers for SDK TCF services
13:28:21 INFO  : Launching XSCT server: xsct.bat -interactive H:\TEMP\INF3610\2020847_2028284\LAB1\LAB1.sdk\temp_xsdb_launch_script.tcl
13:28:23 INFO  : XSCT server has started successfully.
13:28:23 INFO  : Successfully done setting XSCT server connection channel  
13:28:23 INFO  : Restoring local repository preferences: 
		 C:\TEMP\INF3610\ucos_v1_44\ucos
		 C:\TEMP\INF3610\ucos_v1_44
13:28:23 WARN  : Invalid repository path C:\TEMP\INF3610\ucos_v1_44.
13:28:23 WARN  : Invalid repository path C:\TEMP\INF3610\ucos_v1_44\ucos.
13:28:23 INFO  : Processing command line option -hwspec H:/TEMP/INF3610/2020847_2028284/LAB1/LAB1.sdk/design_1_wrapper.hdf.
13:28:23 INFO  : Successfully done setting SDK workspace  
13:28:23 INFO  : Checking for hwspec changes in the project design_1_wrapper_hw_platform_1.
13:28:31 ERROR : (XSDB Server)ERROR: [Hsi 55-1594] Core ucos_emacps of version 1.44 not found in repositories

13:28:31 ERROR : (XSDB Server)ERROR: [Hsi 55-1594] Core ucos_l2cachec of version 1.44 not found in repositories
ERROR: [Hsi 55-1594] Core ucos_scuc of version 1.44 not found in repositories
ERROR: [Hsi 55-1594] Core ucos_scutimer of version 1.44 not found in repositories
ERROR: [Hsi 55-1594] Core ucos_sdps of version 1.44 not found in repositories
ERROR: [Hsi 55-1594] Core ucos_ttcps of version 1.44 not found in repositories
ERROR: [Hsi 55-1594] Core ucos_uartps of version 1.44 not found in repositories
ERROR: [Hsi 55-1594] Core ucos_usbps of version 1.44 not found in repositories
ERROR: [Hsi 55-1594] Core ucos of version 1.44 not found in repositories
ERROR: [Hsi 55-1594] Core ucos_common of version 1.44 not found in repositories
ERROR: [Hsi 55-1594] Core ucos_osiii of version 1.44 not found in repositories
ERROR: [Hsi 55-1594] Core ucos_standalone of version 1.44 not found in repositories

13:28:31 ERROR : (XSDB Server)ERROR: [Hsi 55-1452] Error: running open_sw_design.

13:28:31 ERROR :  [Common 17-39] 'hsi::open_sw_design' failed due to earlier errors.
13:28:31 ERROR : (XSDB Server)ERROR: [Hsi 55-1594] Core ucos_emacps of version 1.44 not found in repositories

13:28:31 ERROR : (XSDB Server)ERROR: [Hsi 55-1594] Core ucos_l2cachec of version 1.44 not found in repositories
ERROR: [Hsi 55-1594] Core ucos_scuc of version 1.44 not found in repositories

13:28:31 ERROR : (XSDB Server)ERROR: [Hsi 55-1594] Core ucos_scutimer of version 1.44 not found in repositories
ERROR: [Hsi 55-1594] Core ucos_sdps of version 1.44 not found in repositories

13:28:31 ERROR : (XSDB Server)ERROR: [Hsi 55-1594] Core ucos_ttcps of version 1.44 not found in repositories

13:28:31 ERROR : (XSDB Server)ERROR: [Hsi 55-1594] Core ucos_uartps of version 1.44 not found in repositories
ERROR: [Hsi 55-1594] Core ucos_usbps of version 1.44 not found in repositories

13:28:31 ERROR : (XSDB Server)ERROR: [Hsi 55-1594] Core ucos of version 1.44 not found in repositories

13:28:31 ERROR : (XSDB Server)ERROR: [Hsi 55-1594] Core ucos_common of version 1.44 not found in repositories

13:28:31 ERROR : (XSDB Server)ERROR: [Hsi 55-1594] Core ucos_osiii of version 1.44 not found in repositories

13:28:31 ERROR : (XSDB Server)ERROR: [Hsi 55-1594] Core ucos_standalone of version 1.44 not found in repositories
ERROR: [Hsi 55-1452] Error: running open_sw_design.

13:28:31 INFO  : Unable to read in MSS file H:\TEMP\INF3610\2020847_2028284\LAB1\LAB1.sdk\ucos_bsp_0\system.mss : null
13:28:31 ERROR : Failed to closesw "H:/TEMP/INF3610/2020847_2028284/LAB1/LAB1.sdk/ucos_bsp_0/system.mss"
Reason: Cannot close sw design 'H:/TEMP/INF3610/2020847_2028284/LAB1/LAB1.sdk/ucos_bsp_0/system.mss'.
Design is not opened in the current session.


13:28:58 ERROR : (XSDB Server)ERROR: [Hsi 55-1594] Core ucos_emacps of version 1.44 not found in repositories

13:28:58 ERROR : (XSDB Server)ERROR: [Hsi 55-1594] Core ucos_l2cachec of version 1.44 not found in repositories
ERROR: [Hsi 55-1594] Core ucos_scuc of version 1.44 not found in repositories
ERROR: [Hsi 55-1594] Core ucos_scutimer of version 1.44 not found in repositories
ERROR: [Hsi 55-1594] Core ucos_sdps of version 1.44 not found in repositories
ERROR: [Hsi 55-1594] Core ucos_ttcps of version 1.44 not found in repositories
ERROR: [Hsi 55-1594] Core ucos_uartps of version 1.44 not found in repositories
ERROR: [Hsi 55-1594] Core ucos_usbps of version 1.44 not found in repositories
ERROR: [Hsi 55-1594] Core ucos of version 1.44 not found in repositories
ERROR: [Hsi 55-1594] Core ucos_common of version 1.44 not found in repositories
ERROR: [Hsi 55-1594] Core ucos_osiii of version 1.44 not found in repositories
ERROR: [Hsi 55-1594] Core ucos_standalone of version 1.44 not found in repositories
ERROR: [Hsi 55-1452] Error: running open_sw_design.

13:28:58 ERROR :  [Common 17-39] 'hsi::open_sw_design' failed due to earlier errors.
13:28:58 ERROR : (XSDB Server)ERROR: [Hsi 55-1594] Core ucos_emacps of version 1.44 not found in repositories

13:28:58 ERROR : (XSDB Server)ERROR: [Hsi 55-1594] Core ucos_l2cachec of version 1.44 not found in repositories
ERROR: [Hsi 55-1594] Core ucos_scuc of version 1.44 not found in repositories

13:28:58 ERROR : (XSDB Server)ERROR: [Hsi 55-1594] Core ucos_scutimer of version 1.44 not found in repositories
ERROR: [Hsi 55-1594] Core ucos_sdps of version 1.44 not found in repositories

13:28:58 ERROR : (XSDB Server)ERROR: [Hsi 55-1594] Core ucos_ttcps of version 1.44 not found in repositories

13:28:58 ERROR : (XSDB Server)ERROR: [Hsi 55-1594] Core ucos_uartps of version 1.44 not found in repositories

13:28:58 ERROR : (XSDB Server)ERROR: [Hsi 55-1594] Core ucos_usbps of version 1.44 not found in repositories

13:28:58 ERROR : (XSDB Server)ERROR: [Hsi 55-1594] Core ucos of version 1.44 not found in repositories

13:28:58 ERROR : (XSDB Server)ERROR: [Hsi 55-1594] Core ucos_common of version 1.44 not found in repositories

13:28:58 ERROR : (XSDB Server)ERROR: [Hsi 55-1594] Core ucos_osiii of version 1.44 not found in repositories
ERROR: [Hsi 55-1594] Core ucos_standalone of version 1.44 not found in repositories

13:28:58 ERROR : (XSDB Server)ERROR: [Hsi 55-1452] Error: running open_sw_design.

13:28:58 INFO  : Unable to read in MSS file H:\TEMP\INF3610\2020847_2028284\LAB1\LAB1.sdk\ucos_bsp_0\system.mss : null
13:28:58 ERROR : Failed to closesw "H:/TEMP/INF3610/2020847_2028284/LAB1/LAB1.sdk/ucos_bsp_0/system.mss"
Reason: Cannot close sw design 'H:/TEMP/INF3610/2020847_2028284/LAB1/LAB1.sdk/ucos_bsp_0/system.mss'.
Design is not opened in the current session.


13:29:12 INFO  : Connected to target on host '127.0.0.1' and port '3121'.
13:29:13 INFO  : Jtag cable 'Digilent Zed 210248763737' is selected.
13:29:13 INFO  : 'jtag frequency' command is executed.
13:29:13 INFO  : Sourcing of 'H:/TEMP/INF3610/2020847_2028284/LAB1/LAB1.sdk/design_1_wrapper_hw_platform_0/ps7_init.tcl' is done.
13:29:14 INFO  : Context for 'APU' is selected.
13:29:14 INFO  : System reset is completed.
13:29:17 INFO  : 'after 3000' command is executed.
13:29:17 INFO  : 'targets -set -filter {jtag_cable_name =~ "Digilent Zed 210248763737" && level==0} -index 1' command is executed.
13:29:19 INFO  : FPGA configured successfully with bitstream "H:/TEMP/INF3610/2020847_2028284/LAB1/LAB1.sdk/design_1_wrapper_hw_platform_0/design_1_wrapper.bit"
13:29:19 INFO  : Context for 'APU' is selected.
13:29:20 INFO  : Hardware design information is loaded from 'H:/TEMP/INF3610/2020847_2028284/LAB1/LAB1.sdk/design_1_wrapper_hw_platform_0/system.hdf'.
13:29:20 INFO  : 'configparams force-mem-access 1' command is executed.
13:29:20 INFO  : Context for 'APU' is selected.
13:29:20 INFO  : 'ps7_init' command is executed.
13:29:20 INFO  : 'ps7_post_config' command is executed.
13:29:20 INFO  : Context for processor 'ps7_cortexa9_0' is selected.
13:29:20 INFO  : The application 'H:/TEMP/INF3610/2020847_2028284/LAB1/LAB1.sdk/lab1_part1/Debug/lab1_part1.elf' is downloaded to processor 'ps7_cortexa9_0'.
13:29:20 INFO  : 'configparams force-mem-access 0' command is executed.
13:29:20 INFO  : ----------------XSDB Script----------------
connect -url tcp:127.0.0.1:3121
source H:/TEMP/INF3610/2020847_2028284/LAB1/LAB1.sdk/design_1_wrapper_hw_platform_0/ps7_init.tcl
targets -set -nocase -filter {name =~"APU*" && jtag_cable_name =~ "Digilent Zed 210248763737"} -index 0
rst -system
after 3000
targets -set -filter {jtag_cable_name =~ "Digilent Zed 210248763737" && level==0} -index 1
fpga -file H:/TEMP/INF3610/2020847_2028284/LAB1/LAB1.sdk/design_1_wrapper_hw_platform_0/design_1_wrapper.bit
targets -set -nocase -filter {name =~"APU*" && jtag_cable_name =~ "Digilent Zed 210248763737"} -index 0
loadhw -hw H:/TEMP/INF3610/2020847_2028284/LAB1/LAB1.sdk/design_1_wrapper_hw_platform_0/system.hdf -mem-ranges [list {0x40000000 0xbfffffff}]
configparams force-mem-access 1
targets -set -nocase -filter {name =~"APU*" && jtag_cable_name =~ "Digilent Zed 210248763737"} -index 0
ps7_init
ps7_post_config
targets -set -nocase -filter {name =~ "ARM*#0" && jtag_cable_name =~ "Digilent Zed 210248763737"} -index 0
dow H:/TEMP/INF3610/2020847_2028284/LAB1/LAB1.sdk/lab1_part1/Debug/lab1_part1.elf
configparams force-mem-access 0
----------------End of Script----------------

13:29:20 INFO  : Memory regions updated for context APU
13:29:20 INFO  : Launch script is exported to file 'H:\TEMP\INF3610\2020847_2028284\LAB1\LAB1.sdk\.sdk\launch_scripts\xilinx_c-c++_application_(system_debugger)\system_debugger_using_debug_lab1_part1.elf_on_local.tcl'
13:44:41 INFO  : Disconnected from the channel tcfchan#1.
13:44:41 INFO  : Connected to target on host '127.0.0.1' and port '3121'.
13:44:45 INFO  : Jtag cable 'Digilent Zed 210248763737' is selected.
13:44:45 INFO  : 'jtag frequency' command is executed.
13:44:45 INFO  : Sourcing of 'H:/TEMP/INF3610/2020847_2028284/LAB1/LAB1.sdk/design_1_wrapper_hw_platform_0/ps7_init.tcl' is done.
13:44:45 INFO  : Context for 'APU' is selected.
13:44:45 INFO  : System reset is completed.
13:44:48 INFO  : 'after 3000' command is executed.
13:44:48 INFO  : 'targets -set -filter {jtag_cable_name =~ "Digilent Zed 210248763737" && level==0} -index 1' command is executed.
13:44:51 INFO  : FPGA configured successfully with bitstream "H:/TEMP/INF3610/2020847_2028284/LAB1/LAB1.sdk/design_1_wrapper_hw_platform_0/design_1_wrapper.bit"
13:44:51 INFO  : Context for 'APU' is selected.
13:45:10 INFO  : Hardware design information is loaded from 'H:/TEMP/INF3610/2020847_2028284/LAB1/LAB1.sdk/design_1_wrapper_hw_platform_0/system.hdf'.
13:45:10 INFO  : 'configparams force-mem-access 1' command is executed.
13:45:10 INFO  : Context for 'APU' is selected.
13:45:10 INFO  : 'ps7_init' command is executed.
13:45:10 INFO  : 'ps7_post_config' command is executed.
13:45:10 INFO  : Context for processor 'ps7_cortexa9_0' is selected.
13:45:11 INFO  : The application 'H:/TEMP/INF3610/2020847_2028284/LAB1/LAB1.sdk/lab1_part1/Debug/lab1_part1.elf' is downloaded to processor 'ps7_cortexa9_0'.
13:45:11 INFO  : 'configparams force-mem-access 0' command is executed.
13:45:11 INFO  : ----------------XSDB Script----------------
connect -url tcp:127.0.0.1:3121
source H:/TEMP/INF3610/2020847_2028284/LAB1/LAB1.sdk/design_1_wrapper_hw_platform_0/ps7_init.tcl
targets -set -nocase -filter {name =~"APU*" && jtag_cable_name =~ "Digilent Zed 210248763737"} -index 0
rst -system
after 3000
targets -set -filter {jtag_cable_name =~ "Digilent Zed 210248763737" && level==0} -index 1
fpga -file H:/TEMP/INF3610/2020847_2028284/LAB1/LAB1.sdk/design_1_wrapper_hw_platform_0/design_1_wrapper.bit
targets -set -nocase -filter {name =~"APU*" && jtag_cable_name =~ "Digilent Zed 210248763737"} -index 0
loadhw -hw H:/TEMP/INF3610/2020847_2028284/LAB1/LAB1.sdk/design_1_wrapper_hw_platform_0/system.hdf -mem-ranges [list {0x40000000 0xbfffffff}]
configparams force-mem-access 1
targets -set -nocase -filter {name =~"APU*" && jtag_cable_name =~ "Digilent Zed 210248763737"} -index 0
ps7_init
ps7_post_config
targets -set -nocase -filter {name =~ "ARM*#0" && jtag_cable_name =~ "Digilent Zed 210248763737"} -index 0
dow H:/TEMP/INF3610/2020847_2028284/LAB1/LAB1.sdk/lab1_part1/Debug/lab1_part1.elf
configparams force-mem-access 0
----------------End of Script----------------

13:45:11 INFO  : Memory regions updated for context APU
13:45:11 INFO  : Launch script is exported to file 'H:\TEMP\INF3610\2020847_2028284\LAB1\LAB1.sdk\.sdk\launch_scripts\xilinx_c-c++_application_(system_debugger)\system_debugger_using_debug_lab1_part1.elf_on_local.tcl'
13:47:07 INFO  : Disconnected from the channel tcfchan#2.
13:47:08 INFO  : Connected to target on host '127.0.0.1' and port '3121'.
13:47:09 INFO  : Jtag cable 'Digilent Zed 210248763737' is selected.
13:47:09 INFO  : 'jtag frequency' command is executed.
13:47:09 INFO  : Sourcing of 'H:/TEMP/INF3610/2020847_2028284/LAB1/LAB1.sdk/design_1_wrapper_hw_platform_0/ps7_init.tcl' is done.
13:47:09 INFO  : Context for 'APU' is selected.
13:47:09 INFO  : System reset is completed.
13:47:12 INFO  : 'after 3000' command is executed.
13:47:12 INFO  : 'targets -set -filter {jtag_cable_name =~ "Digilent Zed 210248763737" && level==0} -index 1' command is executed.
13:47:15 INFO  : FPGA configured successfully with bitstream "H:/TEMP/INF3610/2020847_2028284/LAB1/LAB1.sdk/design_1_wrapper_hw_platform_0/design_1_wrapper.bit"
13:47:15 INFO  : Context for 'APU' is selected.
13:47:15 INFO  : Hardware design information is loaded from 'H:/TEMP/INF3610/2020847_2028284/LAB1/LAB1.sdk/design_1_wrapper_hw_platform_0/system.hdf'.
13:47:15 INFO  : 'configparams force-mem-access 1' command is executed.
13:47:15 INFO  : Context for 'APU' is selected.
13:47:15 INFO  : 'ps7_init' command is executed.
13:47:15 INFO  : 'ps7_post_config' command is executed.
13:47:15 INFO  : Context for processor 'ps7_cortexa9_0' is selected.
13:47:15 INFO  : The application 'H:/TEMP/INF3610/2020847_2028284/LAB1/LAB1.sdk/lab1_part1/Debug/lab1_part1.elf' is downloaded to processor 'ps7_cortexa9_0'.
13:47:15 INFO  : 'configparams force-mem-access 0' command is executed.
13:47:15 INFO  : ----------------XSDB Script----------------
connect -url tcp:127.0.0.1:3121
source H:/TEMP/INF3610/2020847_2028284/LAB1/LAB1.sdk/design_1_wrapper_hw_platform_0/ps7_init.tcl
targets -set -nocase -filter {name =~"APU*" && jtag_cable_name =~ "Digilent Zed 210248763737"} -index 0
rst -system
after 3000
targets -set -filter {jtag_cable_name =~ "Digilent Zed 210248763737" && level==0} -index 1
fpga -file H:/TEMP/INF3610/2020847_2028284/LAB1/LAB1.sdk/design_1_wrapper_hw_platform_0/design_1_wrapper.bit
targets -set -nocase -filter {name =~"APU*" && jtag_cable_name =~ "Digilent Zed 210248763737"} -index 0
loadhw -hw H:/TEMP/INF3610/2020847_2028284/LAB1/LAB1.sdk/design_1_wrapper_hw_platform_0/system.hdf -mem-ranges [list {0x40000000 0xbfffffff}]
configparams force-mem-access 1
targets -set -nocase -filter {name =~"APU*" && jtag_cable_name =~ "Digilent Zed 210248763737"} -index 0
ps7_init
ps7_post_config
targets -set -nocase -filter {name =~ "ARM*#0" && jtag_cable_name =~ "Digilent Zed 210248763737"} -index 0
dow H:/TEMP/INF3610/2020847_2028284/LAB1/LAB1.sdk/lab1_part1/Debug/lab1_part1.elf
configparams force-mem-access 0
----------------End of Script----------------

13:47:16 INFO  : Memory regions updated for context APU
13:47:16 INFO  : Launch script is exported to file 'H:\TEMP\INF3610\2020847_2028284\LAB1\LAB1.sdk\.sdk\launch_scripts\xilinx_c-c++_application_(system_debugger)\system_debugger_using_debug_lab1_part1.elf_on_local.tcl'
13:48:55 INFO  : Disconnected from the channel tcfchan#3.
13:48:56 INFO  : Connected to target on host '127.0.0.1' and port '3121'.
13:48:57 INFO  : Jtag cable 'Digilent Zed 210248763737' is selected.
13:48:57 INFO  : 'jtag frequency' command is executed.
13:48:57 INFO  : Sourcing of 'H:/TEMP/INF3610/2020847_2028284/LAB1/LAB1.sdk/design_1_wrapper_hw_platform_0/ps7_init.tcl' is done.
13:48:57 INFO  : Context for 'APU' is selected.
13:48:58 INFO  : System reset is completed.
13:49:01 INFO  : 'after 3000' command is executed.
13:49:01 INFO  : 'targets -set -filter {jtag_cable_name =~ "Digilent Zed 210248763737" && level==0} -index 1' command is executed.
13:49:03 INFO  : FPGA configured successfully with bitstream "H:/TEMP/INF3610/2020847_2028284/LAB1/LAB1.sdk/design_1_wrapper_hw_platform_0/design_1_wrapper.bit"
13:49:03 INFO  : Context for 'APU' is selected.
13:49:03 INFO  : Hardware design information is loaded from 'H:/TEMP/INF3610/2020847_2028284/LAB1/LAB1.sdk/design_1_wrapper_hw_platform_0/system.hdf'.
13:49:03 INFO  : 'configparams force-mem-access 1' command is executed.
13:49:04 INFO  : Context for 'APU' is selected.
13:49:05 INFO  : 'ps7_init' command is executed.
13:49:05 INFO  : 'ps7_post_config' command is executed.
13:49:05 INFO  : Context for processor 'ps7_cortexa9_0' is selected.
13:49:06 INFO  : The application 'H:/TEMP/INF3610/2020847_2028284/LAB1/LAB1.sdk/lab1_part1/Debug/lab1_part1.elf' is downloaded to processor 'ps7_cortexa9_0'.
13:49:06 INFO  : 'configparams force-mem-access 0' command is executed.
13:49:06 INFO  : ----------------XSDB Script----------------
connect -url tcp:127.0.0.1:3121
source H:/TEMP/INF3610/2020847_2028284/LAB1/LAB1.sdk/design_1_wrapper_hw_platform_0/ps7_init.tcl
targets -set -nocase -filter {name =~"APU*" && jtag_cable_name =~ "Digilent Zed 210248763737"} -index 0
rst -system
after 3000
targets -set -filter {jtag_cable_name =~ "Digilent Zed 210248763737" && level==0} -index 1
fpga -file H:/TEMP/INF3610/2020847_2028284/LAB1/LAB1.sdk/design_1_wrapper_hw_platform_0/design_1_wrapper.bit
targets -set -nocase -filter {name =~"APU*" && jtag_cable_name =~ "Digilent Zed 210248763737"} -index 0
loadhw -hw H:/TEMP/INF3610/2020847_2028284/LAB1/LAB1.sdk/design_1_wrapper_hw_platform_0/system.hdf -mem-ranges [list {0x40000000 0xbfffffff}]
configparams force-mem-access 1
targets -set -nocase -filter {name =~"APU*" && jtag_cable_name =~ "Digilent Zed 210248763737"} -index 0
ps7_init
ps7_post_config
targets -set -nocase -filter {name =~ "ARM*#0" && jtag_cable_name =~ "Digilent Zed 210248763737"} -index 0
dow H:/TEMP/INF3610/2020847_2028284/LAB1/LAB1.sdk/lab1_part1/Debug/lab1_part1.elf
configparams force-mem-access 0
----------------End of Script----------------

13:49:06 INFO  : Memory regions updated for context APU
13:49:06 INFO  : Launch script is exported to file 'H:\TEMP\INF3610\2020847_2028284\LAB1\LAB1.sdk\.sdk\launch_scripts\xilinx_c-c++_application_(system_debugger)\system_debugger_using_debug_lab1_part1.elf_on_local.tcl'
13:51:42 INFO  : Disconnected from the channel tcfchan#4.
13:51:43 INFO  : Connected to target on host '127.0.0.1' and port '3121'.
13:51:44 INFO  : Jtag cable 'Digilent Zed 210248763737' is selected.
13:51:44 INFO  : 'jtag frequency' command is executed.
13:51:44 INFO  : Sourcing of 'H:/TEMP/INF3610/2020847_2028284/LAB1/LAB1.sdk/design_1_wrapper_hw_platform_0/ps7_init.tcl' is done.
13:51:44 INFO  : Context for 'APU' is selected.
13:51:44 INFO  : System reset is completed.
13:51:47 INFO  : 'after 3000' command is executed.
13:51:48 INFO  : 'targets -set -filter {jtag_cable_name =~ "Digilent Zed 210248763737" && level==0} -index 1' command is executed.
13:51:50 INFO  : FPGA configured successfully with bitstream "H:/TEMP/INF3610/2020847_2028284/LAB1/LAB1.sdk/design_1_wrapper_hw_platform_0/design_1_wrapper.bit"
13:51:50 INFO  : Context for 'APU' is selected.
13:51:50 INFO  : Hardware design information is loaded from 'H:/TEMP/INF3610/2020847_2028284/LAB1/LAB1.sdk/design_1_wrapper_hw_platform_0/system.hdf'.
13:51:50 INFO  : 'configparams force-mem-access 1' command is executed.
13:51:50 INFO  : Context for 'APU' is selected.
13:51:51 INFO  : 'ps7_init' command is executed.
13:51:51 INFO  : 'ps7_post_config' command is executed.
13:51:51 INFO  : Context for processor 'ps7_cortexa9_0' is selected.
13:51:51 INFO  : The application 'H:/TEMP/INF3610/2020847_2028284/LAB1/LAB1.sdk/lab1_part1/Debug/lab1_part1.elf' is downloaded to processor 'ps7_cortexa9_0'.
13:51:51 INFO  : 'configparams force-mem-access 0' command is executed.
13:51:51 INFO  : ----------------XSDB Script----------------
connect -url tcp:127.0.0.1:3121
source H:/TEMP/INF3610/2020847_2028284/LAB1/LAB1.sdk/design_1_wrapper_hw_platform_0/ps7_init.tcl
targets -set -nocase -filter {name =~"APU*" && jtag_cable_name =~ "Digilent Zed 210248763737"} -index 0
rst -system
after 3000
targets -set -filter {jtag_cable_name =~ "Digilent Zed 210248763737" && level==0} -index 1
fpga -file H:/TEMP/INF3610/2020847_2028284/LAB1/LAB1.sdk/design_1_wrapper_hw_platform_0/design_1_wrapper.bit
targets -set -nocase -filter {name =~"APU*" && jtag_cable_name =~ "Digilent Zed 210248763737"} -index 0
loadhw -hw H:/TEMP/INF3610/2020847_2028284/LAB1/LAB1.sdk/design_1_wrapper_hw_platform_0/system.hdf -mem-ranges [list {0x40000000 0xbfffffff}]
configparams force-mem-access 1
targets -set -nocase -filter {name =~"APU*" && jtag_cable_name =~ "Digilent Zed 210248763737"} -index 0
ps7_init
ps7_post_config
targets -set -nocase -filter {name =~ "ARM*#0" && jtag_cable_name =~ "Digilent Zed 210248763737"} -index 0
dow H:/TEMP/INF3610/2020847_2028284/LAB1/LAB1.sdk/lab1_part1/Debug/lab1_part1.elf
configparams force-mem-access 0
----------------End of Script----------------

13:51:51 INFO  : Memory regions updated for context APU
13:51:51 INFO  : Launch script is exported to file 'H:\TEMP\INF3610\2020847_2028284\LAB1\LAB1.sdk\.sdk\launch_scripts\xilinx_c-c++_application_(system_debugger)\system_debugger_using_debug_lab1_part1.elf_on_local.tcl'
13:53:23 INFO  : Disconnected from the channel tcfchan#5.
13:53:23 INFO  : Connected to target on host '127.0.0.1' and port '3121'.
13:53:24 INFO  : Jtag cable 'Digilent Zed 210248763737' is selected.
13:53:24 INFO  : 'jtag frequency' command is executed.
13:53:24 INFO  : Sourcing of 'H:/TEMP/INF3610/2020847_2028284/LAB1/LAB1.sdk/design_1_wrapper_hw_platform_0/ps7_init.tcl' is done.
13:53:24 INFO  : Context for 'APU' is selected.
13:53:24 INFO  : System reset is completed.
13:53:27 INFO  : 'after 3000' command is executed.
13:53:27 INFO  : 'targets -set -filter {jtag_cable_name =~ "Digilent Zed 210248763737" && level==0} -index 1' command is executed.
13:53:30 INFO  : FPGA configured successfully with bitstream "H:/TEMP/INF3610/2020847_2028284/LAB1/LAB1.sdk/design_1_wrapper_hw_platform_0/design_1_wrapper.bit"
13:53:30 INFO  : Context for 'APU' is selected.
13:53:30 INFO  : Hardware design information is loaded from 'H:/TEMP/INF3610/2020847_2028284/LAB1/LAB1.sdk/design_1_wrapper_hw_platform_0/system.hdf'.
13:53:30 INFO  : 'configparams force-mem-access 1' command is executed.
13:53:30 INFO  : Context for 'APU' is selected.
13:53:30 INFO  : 'ps7_init' command is executed.
13:53:30 INFO  : 'ps7_post_config' command is executed.
13:53:30 INFO  : Context for processor 'ps7_cortexa9_0' is selected.
13:53:31 INFO  : The application 'H:/TEMP/INF3610/2020847_2028284/LAB1/LAB1.sdk/lab1_part1/Debug/lab1_part1.elf' is downloaded to processor 'ps7_cortexa9_0'.
13:53:31 INFO  : 'configparams force-mem-access 0' command is executed.
13:53:31 INFO  : ----------------XSDB Script----------------
connect -url tcp:127.0.0.1:3121
source H:/TEMP/INF3610/2020847_2028284/LAB1/LAB1.sdk/design_1_wrapper_hw_platform_0/ps7_init.tcl
targets -set -nocase -filter {name =~"APU*" && jtag_cable_name =~ "Digilent Zed 210248763737"} -index 0
rst -system
after 3000
targets -set -filter {jtag_cable_name =~ "Digilent Zed 210248763737" && level==0} -index 1
fpga -file H:/TEMP/INF3610/2020847_2028284/LAB1/LAB1.sdk/design_1_wrapper_hw_platform_0/design_1_wrapper.bit
targets -set -nocase -filter {name =~"APU*" && jtag_cable_name =~ "Digilent Zed 210248763737"} -index 0
loadhw -hw H:/TEMP/INF3610/2020847_2028284/LAB1/LAB1.sdk/design_1_wrapper_hw_platform_0/system.hdf -mem-ranges [list {0x40000000 0xbfffffff}]
configparams force-mem-access 1
targets -set -nocase -filter {name =~"APU*" && jtag_cable_name =~ "Digilent Zed 210248763737"} -index 0
ps7_init
ps7_post_config
targets -set -nocase -filter {name =~ "ARM*#0" && jtag_cable_name =~ "Digilent Zed 210248763737"} -index 0
dow H:/TEMP/INF3610/2020847_2028284/LAB1/LAB1.sdk/lab1_part1/Debug/lab1_part1.elf
configparams force-mem-access 0
----------------End of Script----------------

13:53:31 INFO  : Memory regions updated for context APU
13:53:31 INFO  : Launch script is exported to file 'H:\TEMP\INF3610\2020847_2028284\LAB1\LAB1.sdk\.sdk\launch_scripts\xilinx_c-c++_application_(system_debugger)\system_debugger_using_debug_lab1_part1.elf_on_local.tcl'
13:55:13 INFO  : Disconnected from the channel tcfchan#6.
13:55:14 INFO  : Connected to target on host '127.0.0.1' and port '3121'.
13:55:15 INFO  : Jtag cable 'Digilent Zed 210248763737' is selected.
13:55:15 INFO  : 'jtag frequency' command is executed.
13:55:15 INFO  : Sourcing of 'H:/TEMP/INF3610/2020847_2028284/LAB1/LAB1.sdk/design_1_wrapper_hw_platform_0/ps7_init.tcl' is done.
13:55:15 INFO  : Context for 'APU' is selected.
13:55:15 INFO  : System reset is completed.
13:55:18 INFO  : 'after 3000' command is executed.
13:55:18 INFO  : 'targets -set -filter {jtag_cable_name =~ "Digilent Zed 210248763737" && level==0} -index 1' command is executed.
13:55:21 INFO  : FPGA configured successfully with bitstream "H:/TEMP/INF3610/2020847_2028284/LAB1/LAB1.sdk/design_1_wrapper_hw_platform_0/design_1_wrapper.bit"
13:55:21 INFO  : Context for 'APU' is selected.
13:55:21 INFO  : Hardware design information is loaded from 'H:/TEMP/INF3610/2020847_2028284/LAB1/LAB1.sdk/design_1_wrapper_hw_platform_0/system.hdf'.
13:55:21 INFO  : 'configparams force-mem-access 1' command is executed.
13:55:22 INFO  : Context for 'APU' is selected.
13:55:23 INFO  : 'ps7_init' command is executed.
13:55:23 INFO  : 'ps7_post_config' command is executed.
13:55:23 INFO  : Context for processor 'ps7_cortexa9_0' is selected.
13:55:23 INFO  : The application 'H:/TEMP/INF3610/2020847_2028284/LAB1/LAB1.sdk/lab1_part1/Debug/lab1_part1.elf' is downloaded to processor 'ps7_cortexa9_0'.
13:55:23 INFO  : 'configparams force-mem-access 0' command is executed.
13:55:23 INFO  : ----------------XSDB Script----------------
connect -url tcp:127.0.0.1:3121
source H:/TEMP/INF3610/2020847_2028284/LAB1/LAB1.sdk/design_1_wrapper_hw_platform_0/ps7_init.tcl
targets -set -nocase -filter {name =~"APU*" && jtag_cable_name =~ "Digilent Zed 210248763737"} -index 0
rst -system
after 3000
targets -set -filter {jtag_cable_name =~ "Digilent Zed 210248763737" && level==0} -index 1
fpga -file H:/TEMP/INF3610/2020847_2028284/LAB1/LAB1.sdk/design_1_wrapper_hw_platform_0/design_1_wrapper.bit
targets -set -nocase -filter {name =~"APU*" && jtag_cable_name =~ "Digilent Zed 210248763737"} -index 0
loadhw -hw H:/TEMP/INF3610/2020847_2028284/LAB1/LAB1.sdk/design_1_wrapper_hw_platform_0/system.hdf -mem-ranges [list {0x40000000 0xbfffffff}]
configparams force-mem-access 1
targets -set -nocase -filter {name =~"APU*" && jtag_cable_name =~ "Digilent Zed 210248763737"} -index 0
ps7_init
ps7_post_config
targets -set -nocase -filter {name =~ "ARM*#0" && jtag_cable_name =~ "Digilent Zed 210248763737"} -index 0
dow H:/TEMP/INF3610/2020847_2028284/LAB1/LAB1.sdk/lab1_part1/Debug/lab1_part1.elf
configparams force-mem-access 0
----------------End of Script----------------

13:55:23 INFO  : Memory regions updated for context APU
13:55:23 INFO  : Launch script is exported to file 'H:\TEMP\INF3610\2020847_2028284\LAB1\LAB1.sdk\.sdk\launch_scripts\xilinx_c-c++_application_(system_debugger)\system_debugger_using_debug_lab1_part1.elf_on_local.tcl'
13:57:56 INFO  : Disconnected from the channel tcfchan#7.
13:57:56 INFO  : Connected to target on host '127.0.0.1' and port '3121'.
13:57:57 INFO  : Jtag cable 'Digilent Zed 210248763737' is selected.
13:57:57 INFO  : 'jtag frequency' command is executed.
13:57:57 INFO  : Sourcing of 'H:/TEMP/INF3610/2020847_2028284/LAB1/LAB1.sdk/design_1_wrapper_hw_platform_0/ps7_init.tcl' is done.
13:57:57 INFO  : Context for 'APU' is selected.
13:57:57 INFO  : System reset is completed.
13:58:00 INFO  : 'after 3000' command is executed.
13:58:00 INFO  : 'targets -set -filter {jtag_cable_name =~ "Digilent Zed 210248763737" && level==0} -index 1' command is executed.
13:58:03 INFO  : FPGA configured successfully with bitstream "H:/TEMP/INF3610/2020847_2028284/LAB1/LAB1.sdk/design_1_wrapper_hw_platform_0/design_1_wrapper.bit"
13:58:03 INFO  : Context for 'APU' is selected.
13:58:03 INFO  : Hardware design information is loaded from 'H:/TEMP/INF3610/2020847_2028284/LAB1/LAB1.sdk/design_1_wrapper_hw_platform_0/system.hdf'.
13:58:03 INFO  : 'configparams force-mem-access 1' command is executed.
13:58:03 INFO  : Context for 'APU' is selected.
13:58:03 INFO  : 'ps7_init' command is executed.
13:58:03 INFO  : 'ps7_post_config' command is executed.
13:58:03 INFO  : Context for processor 'ps7_cortexa9_0' is selected.
13:58:03 INFO  : The application 'H:/TEMP/INF3610/2020847_2028284/LAB1/LAB1.sdk/lab1_part1/Debug/lab1_part1.elf' is downloaded to processor 'ps7_cortexa9_0'.
13:58:03 INFO  : 'configparams force-mem-access 0' command is executed.
13:58:03 INFO  : ----------------XSDB Script----------------
connect -url tcp:127.0.0.1:3121
source H:/TEMP/INF3610/2020847_2028284/LAB1/LAB1.sdk/design_1_wrapper_hw_platform_0/ps7_init.tcl
targets -set -nocase -filter {name =~"APU*" && jtag_cable_name =~ "Digilent Zed 210248763737"} -index 0
rst -system
after 3000
targets -set -filter {jtag_cable_name =~ "Digilent Zed 210248763737" && level==0} -index 1
fpga -file H:/TEMP/INF3610/2020847_2028284/LAB1/LAB1.sdk/design_1_wrapper_hw_platform_0/design_1_wrapper.bit
targets -set -nocase -filter {name =~"APU*" && jtag_cable_name =~ "Digilent Zed 210248763737"} -index 0
loadhw -hw H:/TEMP/INF3610/2020847_2028284/LAB1/LAB1.sdk/design_1_wrapper_hw_platform_0/system.hdf -mem-ranges [list {0x40000000 0xbfffffff}]
configparams force-mem-access 1
targets -set -nocase -filter {name =~"APU*" && jtag_cable_name =~ "Digilent Zed 210248763737"} -index 0
ps7_init
ps7_post_config
targets -set -nocase -filter {name =~ "ARM*#0" && jtag_cable_name =~ "Digilent Zed 210248763737"} -index 0
dow H:/TEMP/INF3610/2020847_2028284/LAB1/LAB1.sdk/lab1_part1/Debug/lab1_part1.elf
configparams force-mem-access 0
----------------End of Script----------------

13:58:03 INFO  : Memory regions updated for context APU
13:58:04 INFO  : Launch script is exported to file 'H:\TEMP\INF3610\2020847_2028284\LAB1\LAB1.sdk\.sdk\launch_scripts\xilinx_c-c++_application_(system_debugger)\system_debugger_using_debug_lab1_part1.elf_on_local.tcl'
14:39:53 INFO  : Disconnected from the channel tcfchan#8.
10:52:23 INFO  : Registering command handlers for SDK TCF services
10:52:23 INFO  : Launching XSCT server: xsct.bat -interactive C:\TEMP\INF3610-TP\TP1\TEMP\INF3610\2020847_2028284\LAB1\LAB1.sdk\temp_xsdb_launch_script.tcl
10:52:26 INFO  : XSCT server has started successfully.
10:52:29 INFO  : Successfully done setting XSCT server connection channel  
10:52:29 INFO  : Successfully done setting SDK workspace  
10:52:29 INFO  : Restoring local repository preferences: 
		 C:\TEMP\INF3610\ucos_v1_44\ucos
		 C:\TEMP\INF3610\ucos_v1_44
10:52:29 WARN  : Invalid repository path C:\TEMP\INF3610\ucos_v1_44.
10:52:29 WARN  : Invalid repository path C:\TEMP\INF3610\ucos_v1_44\ucos.
10:52:29 INFO  : Processing command line option -hwspec C:/TEMP/INF3610-TP/TP1/TEMP/INF3610/2020847_2028284/LAB1/LAB1.sdk/design_1_wrapper.hdf.
