#-----------------------------------------------------------
# Vivado v2018.3 (64-bit)
# SW Build 2405991 on Thu Dec  6 23:38:27 MST 2018
# IP Build 2404404 on Fri Dec  7 01:43:56 MST 2018
# Start of session at: Tue Sep 14 13:11:41 2021
# Process ID: 12304
# Current directory: H:/TEMP/INF3610/2020847_2028284/LAB1
# Command line: vivado.exe -gui_launcher_event rodinguilauncherevent12352 H:\TEMP\INF3610\2020847_2028284\LAB1\LAB1.xpr
# Log file: H:/TEMP/INF3610/2020847_2028284/LAB1/vivado.log
# Journal file: H:/TEMP/INF3610/2020847_2028284/LAB1\vivado.jou
#-----------------------------------------------------------
start_guioopen_project H:/TEMP/INF3610/2020847_2028284/LAB1/LAB1.xpr
INFO: [Project 1-313] Project file moved from 'C:/TEMP/INF3610/2020847_2028284/LAB1' since last save.
Scanning sources...
Finished scanning sources
INFO: [IP_Flow 19-234] Refreshing IP repositories
INFO: [IP_Flow 19-1704] No user IP repositories specified
INFO: [IP_Flow 19-2313] Loaded Vivado IP repository 'C:/Logiciels/Xilinx/Vivado/2018.3/data/ip'.open_project: Time (s): cpu = 00:00:33 ; elapsed = 00:00:45 . Memory (MB): peak = 896.699 ; gain = 320.500
update_compile_order -fileset sources_1
launch_sdk -worexit
INFO: [Common 17-206] Exiting Vivado at Tue Sep 14 13:14:13 2021...
610/2020847_2028284/LAB1/LAB1.sdk/design_1_wrapper.hdf
INFO: [Vivado 12-393] Launching SDK...
INFO: [Vivado 12-417] Running xsdk -workspace H:/TEMP/INF3610/2020847_2028284/LAB1/LAB1.sdk -hwspec H:/TEMP/INF3610/2020847_2028284/LAB1/LAB1.sdk/design_1_wrapper.hdf
INFO: [Vivado 12-3157] SDK launch initiated. Please check console for any further messages.
launch_sdk -workspace H:/TEMP/INF3610/2020847_2028284/LAB1/LAB1.sdk -hwspec H:/TEMP/INF3610/2020847_2028284/LAB1/LAB1.sdk/design_1_wrapper.hdf
INFO: [Vivado 12-393] Launching SDK...
INFO: [Vivado 12-417] Running xsdk -workspace H:/TEMP/INF3610/2020847_2028284/LAB1/LAB1.sdk -hwspec H:/TEMP/INF3610/2020847_2028284/LAB1/LAB1.sdk/design_1_wrapper.hdf
INFO: [Vivado 12-3157] SDK launch initiated. Please check console for any further messages.
launch_sdk -workspace H:/TEMP/INF3610/2020847_2028284/LAB1/LAB1.sdk -hwspec H:/TEMP/INF3610/2020847_2028284/LAB1/LAB1.sdk/design_1_wrapper.hdf
INFO: [Vivado 12-393] Launching SDK...
INFO: [Vivado 12-417] Running xsdk -workspace H:/TEMP/INF3610/2020847_2028284/LAB1/LAB1.sdk -hwspec H:/TEMP/INF3610/2020847_2028284/LAB1/LAB1.sdk/design_1_wrapper.hdf
INFO: [Vivado 12-3157] SDK launch initiated. Please check console for any further messages.
launch_sdk -workspace H:/TEMP/INF3610/2020847_2028284/LAB1/LAB1.sdk -hwspec H:/TEMP/INF3610/2020847_2028284/LAB1/LAB1.sdk/design_1_wrapper.hdf
INFO: [Vivado 12-393] Launching SDK...
INFO: [Vivado 12-417] Running xsdk -workspace H:/TEMP/INF3610/2020847_2028284/LAB1/LAB1.sdk -hwspec H:/TEMP/INF3610/2020847_2028284/LAB1/LAB1.sdk/design_1_wrapper.hdf
INFO: [Vivado 12-3157] SDK launch initiated. Please check console for any further messages.
exit
INFO: [Common 17-206] Exiting Vivado at Tue Sep 14 14:40:03 2021...
